Start testing: Feb 22 13:32 EST
----------------------------------------------------------
2/98 Testing: absl_atomic_hook_test
2/98 Test: absl_atomic_hook_test
Command: "/Users/cohenjon/cmake-ex/abseil-hello-fork/cmake-hello/build/abseil-cpp/absl/base/absl_atomic_hook_test"
Directory: /Users/cohenjon/cmake-ex/abseil-hello-fork/cmake-hello/build/abseil-cpp/absl/base
"absl_atomic_hook_test" start time: Feb 22 13:32 EST
Output:
----------------------------------------------------------
Running main() from /Users/cohenjon/cmake-ex/abseil-hello-fork/cmake-hello/build/googletest-src/googletest/src/gtest_main.cc
[==========] Running 2 tests from 1 test suite.
[----------] Global test environment set-up.
[----------] 2 tests from AtomicHookTest
[ RUN      ] AtomicHookTest.NoDefaultFunction
[       OK ] AtomicHookTest.NoDefaultFunction (0 ms)
[ RUN      ] AtomicHookTest.WithDefaultFunction
[       OK ] AtomicHookTest.WithDefaultFunction (0 ms)
[----------] 2 tests from AtomicHookTest (0 ms total)

[----------] Global test environment tear-down
[==========] 2 tests from 1 test suite ran. (0 ms total)
[  PASSED  ] 2 tests.
<end of output>
Test time =   0.00 sec
----------------------------------------------------------
Test Passed.
"absl_atomic_hook_test" end time: Feb 22 13:32 EST
"absl_atomic_hook_test" time elapsed: 00:00:00
----------------------------------------------------------

1/98 Testing: absl_absl_exception_safety_testing_test
1/98 Test: absl_absl_exception_safety_testing_test
Command: "/Users/cohenjon/cmake-ex/abseil-hello-fork/cmake-hello/build/abseil-cpp/absl/base/absl_absl_exception_safety_testing_test"
Directory: /Users/cohenjon/cmake-ex/abseil-hello-fork/cmake-hello/build/abseil-cpp/absl/base
"absl_absl_exception_safety_testing_test" start time: Feb 22 13:32 EST
Output:
----------------------------------------------------------
Running main() from /Users/cohenjon/cmake-ex/abseil-hello-fork/cmake-hello/build/googletest-src/googletest/src/gtest_main.cc
[==========] Running 52 tests from 8 test suites.
[----------] Global test environment set-up.
[----------] 23 tests from ThrowingValueTest
[ RUN      ] ThrowingValueTest.Throws
[       OK ] ThrowingValueTest.Throws (0 ms)
[ RUN      ] ThrowingValueTest.ThrowingCtors
[       OK ] ThrowingValueTest.ThrowingCtors (0 ms)
[ RUN      ] ThrowingValueTest.ThrowingAssignment
[       OK ] ThrowingValueTest.ThrowingAssignment (0 ms)
[ RUN      ] ThrowingValueTest.ThrowingComparisons
[       OK ] ThrowingValueTest.ThrowingComparisons (0 ms)
[ RUN      ] ThrowingValueTest.ThrowingArithmeticOps
[       OK ] ThrowingValueTest.ThrowingArithmeticOps (0 ms)
[ RUN      ] ThrowingValueTest.ThrowingLogicalOps
[       OK ] ThrowingValueTest.ThrowingLogicalOps (0 ms)
[ RUN      ] ThrowingValueTest.ThrowingBitwiseOps
[       OK ] ThrowingValueTest.ThrowingBitwiseOps (0 ms)
[ RUN      ] ThrowingValueTest.ThrowingCompoundAssignmentOps
[       OK ] ThrowingValueTest.ThrowingCompoundAssignmentOps (0 ms)
[ RUN      ] ThrowingValueTest.ThrowingStreamOps
[       OK ] ThrowingValueTest.ThrowingStreamOps (0 ms)
[ RUN      ] ThrowingValueTest.StreamOpsOutput
[       OK ] ThrowingValueTest.StreamOpsOutput (1 ms)
[ RUN      ] ThrowingValueTest.ThrowingAllocatingOps
[       OK ] ThrowingValueTest.ThrowingAllocatingOps (0 ms)
[ RUN      ] ThrowingValueTest.NonThrowingMoveCtor
[       OK ] ThrowingValueTest.NonThrowingMoveCtor (0 ms)
[ RUN      ] ThrowingValueTest.NonThrowingMoveAssign
[       OK ] ThrowingValueTest.NonThrowingMoveAssign (0 ms)
[ RUN      ] ThrowingValueTest.ThrowingCopyCtor
[       OK ] ThrowingValueTest.ThrowingCopyCtor (0 ms)
[ RUN      ] ThrowingValueTest.ThrowingCopyAssign
[       OK ] ThrowingValueTest.ThrowingCopyAssign (0 ms)
[ RUN      ] ThrowingValueTest.NonThrowingCopyCtor
[       OK ] ThrowingValueTest.NonThrowingCopyCtor (0 ms)
[ RUN      ] ThrowingValueTest.NonThrowingCopyAssign
[       OK ] ThrowingValueTest.NonThrowingCopyAssign (0 ms)
[ RUN      ] ThrowingValueTest.ThrowingSwap
[       OK ] ThrowingValueTest.ThrowingSwap (0 ms)
[ RUN      ] ThrowingValueTest.NonThrowingSwap
[       OK ] ThrowingValueTest.NonThrowingSwap (0 ms)
[ RUN      ] ThrowingValueTest.NonThrowingAllocation
[       OK ] ThrowingValueTest.NonThrowingAllocation (0 ms)
[ RUN      ] ThrowingValueTest.NonThrowingDelete
[       OK ] ThrowingValueTest.NonThrowingDelete (0 ms)
[ RUN      ] ThrowingValueTest.NonThrowingPlacementDelete
[       OK ] ThrowingValueTest.NonThrowingPlacementDelete (0 ms)
[ RUN      ] ThrowingValueTest.NonThrowingDestructor
[       OK ] ThrowingValueTest.NonThrowingDestructor (0 ms)
[----------] 23 tests from ThrowingValueTest (1 ms total)

[----------] 1 test from ThrowingBoolTest
[ RUN      ] ThrowingBoolTest.ThrowingBool
[       OK ] ThrowingBoolTest.ThrowingBool (0 ms)
[----------] 1 test from ThrowingBoolTest (0 ms total)

[----------] 8 tests from ThrowingAllocatorTest
[ RUN      ] ThrowingAllocatorTest.MemoryManagement
[       OK ] ThrowingAllocatorTest.MemoryManagement (0 ms)
[ RUN      ] ThrowingAllocatorTest.CallsGlobalNew
[       OK ] ThrowingAllocatorTest.CallsGlobalNew (0 ms)
[ RUN      ] ThrowingAllocatorTest.ThrowingConstructors
[       OK ] ThrowingAllocatorTest.ThrowingConstructors (0 ms)
[ RUN      ] ThrowingAllocatorTest.NonThrowingConstruction
[       OK ] ThrowingAllocatorTest.NonThrowingConstruction (0 ms)
[ RUN      ] ThrowingAllocatorTest.ThrowingAllocatorConstruction
[       OK ] ThrowingAllocatorTest.ThrowingAllocatorConstruction (0 ms)
[ RUN      ] ThrowingAllocatorTest.State
[       OK ] ThrowingAllocatorTest.State (0 ms)
[ RUN      ] ThrowingAllocatorTest.InVector
[       OK ] ThrowingAllocatorTest.InVector (0 ms)
[ RUN      ] ThrowingAllocatorTest.InList
[       OK ] ThrowingAllocatorTest.InList (0 ms)
[----------] 8 tests from ThrowingAllocatorTest (0 ms total)

[----------] 3 tests from ExceptionSafetyTesterTest
[ RUN      ] ExceptionSafetyTesterTest.IncompleteTypesAreNotTestable
[       OK ] ExceptionSafetyTesterTest.IncompleteTypesAreNotTestable (0 ms)
[ RUN      ] ExceptionSafetyTesterTest.MixedFunctionTypes
[       OK ] ExceptionSafetyTesterTest.MixedFunctionTypes (0 ms)
[ RUN      ] ExceptionSafetyTesterTest.ResetsCountdown
[       OK ] ExceptionSafetyTesterTest.ResetsCountdown (0 ms)
[----------] 3 tests from ExceptionSafetyTesterTest (0 ms total)

[----------] 10 tests from ExceptionCheckTest
[ RUN      ] ExceptionCheckTest.BasicGuaranteeFailure
[       OK ] ExceptionCheckTest.BasicGuaranteeFailure (0 ms)
[ RUN      ] ExceptionCheckTest.BasicGuarantee
[       OK ] ExceptionCheckTest.BasicGuarantee (0 ms)
[ RUN      ] ExceptionCheckTest.StrongGuaranteeFailure
[       OK ] ExceptionCheckTest.StrongGuaranteeFailure (1 ms)
[ RUN      ] ExceptionCheckTest.BasicGuaranteeWithExtraContracts
[       OK ] ExceptionCheckTest.BasicGuaranteeWithExtraContracts (0 ms)
[ RUN      ] ExceptionCheckTest.StrongGuarantee
[       OK ] ExceptionCheckTest.StrongGuarantee (0 ms)
[ RUN      ] ExceptionCheckTest.ModifyingChecker
[       OK ] ExceptionCheckTest.ModifyingChecker (0 ms)
[ RUN      ] ExceptionCheckTest.NonCopyable
[       OK ] ExceptionCheckTest.NonCopyable (0 ms)
[ RUN      ] ExceptionCheckTest.NonEqualityComparable
[       OK ] ExceptionCheckTest.NonEqualityComparable (0 ms)
[ RUN      ] ExceptionCheckTest.Exhaustiveness
[       OK ] ExceptionCheckTest.Exhaustiveness (0 ms)
[ RUN      ] ExceptionCheckTest.TestLeakyCtor
[       OK ] ExceptionCheckTest.TestLeakyCtor (0 ms)
[----------] 10 tests from ExceptionCheckTest (1 ms total)

[----------] 5 tests from ConstructorTrackerTest
[ RUN      ] ConstructorTrackerTest.CreatedBefore
[       OK ] ConstructorTrackerTest.CreatedBefore (0 ms)
[ RUN      ] ConstructorTrackerTest.CreatedAfter
[       OK ] ConstructorTrackerTest.CreatedAfter (0 ms)
[ RUN      ] ConstructorTrackerTest.NotDestroyedAfter
[       OK ] ConstructorTrackerTest.NotDestroyedAfter (0 ms)
[ RUN      ] ConstructorTrackerTest.DestroyedTwice
[       OK ] ConstructorTrackerTest.DestroyedTwice (0 ms)
[ RUN      ] ConstructorTrackerTest.ConstructedTwice
[       OK ] ConstructorTrackerTest.ConstructedTwice (0 ms)
[----------] 5 tests from ConstructorTrackerTest (0 ms total)

[----------] 1 test from ThrowingValueTraitsTest
[ RUN      ] ThrowingValueTraitsTest.RelationalOperators
[       OK ] ThrowingValueTraitsTest.RelationalOperators (0 ms)
[----------] 1 test from ThrowingValueTraitsTest (0 ms total)

[----------] 1 test from ThrowingAllocatorTraitsTest
[ RUN      ] ThrowingAllocatorTraitsTest.Assignablility
[       OK ] ThrowingAllocatorTraitsTest.Assignablility (0 ms)
[----------] 1 test from ThrowingAllocatorTraitsTest (0 ms total)

[----------] Global test environment tear-down
[==========] 52 tests from 8 test suites ran. (2 ms total)
[  PASSED  ] 52 tests.
<end of output>
Test time =   0.01 sec
----------------------------------------------------------
Test Passed.
"absl_absl_exception_safety_testing_test" end time: Feb 22 13:32 EST
"absl_absl_exception_safety_testing_test" time elapsed: 00:00:00
----------------------------------------------------------

3/98 Testing: absl_bit_cast_test
3/98 Test: absl_bit_cast_test
Command: "/Users/cohenjon/cmake-ex/abseil-hello-fork/cmake-hello/build/abseil-cpp/absl/base/absl_bit_cast_test"
Directory: /Users/cohenjon/cmake-ex/abseil-hello-fork/cmake-hello/build/abseil-cpp/absl/base
"absl_bit_cast_test" start time: Feb 22 13:32 EST
Output:
----------------------------------------------------------
Running main() from /Users/cohenjon/cmake-ex/abseil-hello-fork/cmake-hello/build/googletest-src/googletest/src/gtest_main.cc
[==========] Running 6 tests from 1 test suite.
[----------] Global test environment set-up.
[----------] 6 tests from BitCast
[ RUN      ] BitCast.Bool
[       OK ] BitCast.Bool (0 ms)
[ RUN      ] BitCast.Int32
[       OK ] BitCast.Int32 (0 ms)
[ RUN      ] BitCast.Int64
[       OK ] BitCast.Int64 (0 ms)
[ RUN      ] BitCast.Uint64
[       OK ] BitCast.Uint64 (0 ms)
[ RUN      ] BitCast.Float
[       OK ] BitCast.Float (0 ms)
[ RUN      ] BitCast.Double
[       OK ] BitCast.Double (0 ms)
[----------] 6 tests from BitCast (0 ms total)

[----------] Global test environment tear-down
[==========] 6 tests from 1 test suite ran. (0 ms total)
[  PASSED  ] 6 tests.
<end of output>
Test time =   0.01 sec
----------------------------------------------------------
Test Passed.
"absl_bit_cast_test" end time: Feb 22 13:32 EST
"absl_bit_cast_test" time elapsed: 00:00:00
----------------------------------------------------------

4/98 Testing: absl_throw_delegate_test
4/98 Test: absl_throw_delegate_test
Command: "/Users/cohenjon/cmake-ex/abseil-hello-fork/cmake-hello/build/abseil-cpp/absl/base/absl_throw_delegate_test"
Directory: /Users/cohenjon/cmake-ex/abseil-hello-fork/cmake-hello/build/abseil-cpp/absl/base
"absl_throw_delegate_test" start time: Feb 22 13:32 EST
Output:
----------------------------------------------------------
Running main() from /Users/cohenjon/cmake-ex/abseil-hello-fork/cmake-hello/build/googletest-src/googletest/src/gtest_main.cc
[==========] Running 1 test from 1 test suite.
[----------] Global test environment set-up.
[----------] 1 test from ThrowHelper
[ RUN      ] ThrowHelper.Test
[       OK ] ThrowHelper.Test (0 ms)
[----------] 1 test from ThrowHelper (0 ms total)

[----------] Global test environment tear-down
[==========] 1 test from 1 test suite ran. (0 ms total)
[  PASSED  ] 1 test.
<end of output>
Test time =   0.01 sec
----------------------------------------------------------
Test Passed.
"absl_throw_delegate_test" end time: Feb 22 13:32 EST
"absl_throw_delegate_test" time elapsed: 00:00:00
----------------------------------------------------------

5/98 Testing: absl_inline_variable_test
5/98 Test: absl_inline_variable_test
Command: "/Users/cohenjon/cmake-ex/abseil-hello-fork/cmake-hello/build/abseil-cpp/absl/base/absl_inline_variable_test"
Directory: /Users/cohenjon/cmake-ex/abseil-hello-fork/cmake-hello/build/abseil-cpp/absl/base
"absl_inline_variable_test" start time: Feb 22 13:32 EST
Output:
----------------------------------------------------------
Running main() from /Users/cohenjon/cmake-ex/abseil-hello-fork/cmake-hello/build/googletest-src/googletest/src/gtest_main.cc
[==========] Running 6 tests from 1 test suite.
[----------] Global test environment set-up.
[----------] 6 tests from InlineVariableTest
[ RUN      ] InlineVariableTest.Constexpr
[       OK ] InlineVariableTest.Constexpr (0 ms)
[ RUN      ] InlineVariableTest.DefaultConstructedIdentityEquality
[       OK ] InlineVariableTest.DefaultConstructedIdentityEquality (0 ms)
[ RUN      ] InlineVariableTest.DefaultConstructedIdentityInequality
[       OK ] InlineVariableTest.DefaultConstructedIdentityInequality (0 ms)
[ RUN      ] InlineVariableTest.InitializedIdentityEquality
[       OK ] InlineVariableTest.InitializedIdentityEquality (0 ms)
[ RUN      ] InlineVariableTest.InitializedIdentityInequality
[       OK ] InlineVariableTest.InitializedIdentityInequality (0 ms)
[ RUN      ] InlineVariableTest.FunPtrType
[       OK ] InlineVariableTest.FunPtrType (0 ms)
[----------] 6 tests from InlineVariableTest (0 ms total)

[----------] Global test environment tear-down
[==========] 6 tests from 1 test suite ran. (0 ms total)
[  PASSED  ] 6 tests.
<end of output>
Test time =   0.01 sec
----------------------------------------------------------
Test Passed.
"absl_inline_variable_test" end time: Feb 22 13:32 EST
"absl_inline_variable_test" time elapsed: 00:00:00
----------------------------------------------------------

6/98 Testing: absl_invoke_test
6/98 Test: absl_invoke_test
Command: "/Users/cohenjon/cmake-ex/abseil-hello-fork/cmake-hello/build/abseil-cpp/absl/base/absl_invoke_test"
Directory: /Users/cohenjon/cmake-ex/abseil-hello-fork/cmake-hello/build/abseil-cpp/absl/base
"absl_invoke_test" start time: Feb 22 13:32 EST
Output:
----------------------------------------------------------
Running main() from /Users/cohenjon/cmake-ex/abseil-hello-fork/cmake-hello/build/googletest-src/googletest/src/gtest_main.cc
[==========] Running 13 tests from 1 test suite.
[----------] Global test environment set-up.
[----------] 13 tests from InvokeTest
[ RUN      ] InvokeTest.Function
[       OK ] InvokeTest.Function (0 ms)
[ RUN      ] InvokeTest.NonCopyableArgument
[       OK ] InvokeTest.NonCopyableArgument (0 ms)
[ RUN      ] InvokeTest.NonCopyableResult
[       OK ] InvokeTest.NonCopyableResult (0 ms)
[ RUN      ] InvokeTest.VoidResult
[       OK ] InvokeTest.VoidResult (0 ms)
[ RUN      ] InvokeTest.ConstFunctor
[       OK ] InvokeTest.ConstFunctor (0 ms)
[ RUN      ] InvokeTest.MutableFunctor
[       OK ] InvokeTest.MutableFunctor (0 ms)
[ RUN      ] InvokeTest.EphemeralFunctor
[       OK ] InvokeTest.EphemeralFunctor (0 ms)
[ RUN      ] InvokeTest.OverloadedFunctor
[       OK ] InvokeTest.OverloadedFunctor (0 ms)
[ RUN      ] InvokeTest.ReferenceWrapper
[       OK ] InvokeTest.ReferenceWrapper (0 ms)
[ RUN      ] InvokeTest.MemberFunction
[       OK ] InvokeTest.MemberFunction (0 ms)
[ RUN      ] InvokeTest.DataMember
[       OK ] InvokeTest.DataMember (0 ms)
[ RUN      ] InvokeTest.FlipFlop
[       OK ] InvokeTest.FlipFlop (0 ms)
[ RUN      ] InvokeTest.SfinaeFriendly
[       OK ] InvokeTest.SfinaeFriendly (0 ms)
[----------] 13 tests from InvokeTest (0 ms total)

[----------] Global test environment tear-down
[==========] 13 tests from 1 test suite ran. (0 ms total)
[  PASSED  ] 13 tests.
<end of output>
Test time =   0.01 sec
----------------------------------------------------------
Test Passed.
"absl_invoke_test" end time: Feb 22 13:32 EST
"absl_invoke_test" time elapsed: 00:00:00
----------------------------------------------------------

9/98 Testing: absl_config_test
9/98 Test: absl_config_test
Command: "/Users/cohenjon/cmake-ex/abseil-hello-fork/cmake-hello/build/abseil-cpp/absl/base/absl_config_test"
Directory: /Users/cohenjon/cmake-ex/abseil-hello-fork/cmake-hello/build/abseil-cpp/absl/base
"absl_config_test" start time: Feb 22 13:32 EST
Output:
----------------------------------------------------------
Running main() from /Users/cohenjon/cmake-ex/abseil-hello-fork/cmake-hello/build/googletest-src/googletest/src/gtest_main.cc
[==========] Running 2 tests from 1 test suite.
[----------] Global test environment set-up.
[----------] 2 tests from ConfigTest
[ RUN      ] ConfigTest.Endianness
[       OK ] ConfigTest.Endianness (0 ms)
[ RUN      ] ConfigTest.ThreadLocal
[       OK ] ConfigTest.ThreadLocal (0 ms)
[----------] 2 tests from ConfigTest (0 ms total)

[----------] Global test environment tear-down
[==========] 2 tests from 1 test suite ran. (0 ms total)
[  PASSED  ] 2 tests.
<end of output>
Test time =   0.01 sec
----------------------------------------------------------
Test Passed.
"absl_config_test" end time: Feb 22 13:32 EST
"absl_config_test" time elapsed: 00:00:00
----------------------------------------------------------

10/98 Testing: absl_call_once_test
10/98 Test: absl_call_once_test
Command: "/Users/cohenjon/cmake-ex/abseil-hello-fork/cmake-hello/build/abseil-cpp/absl/base/absl_call_once_test"
Directory: /Users/cohenjon/cmake-ex/abseil-hello-fork/cmake-hello/build/abseil-cpp/absl/base
"absl_call_once_test" start time: Feb 22 13:32 EST
Output:
----------------------------------------------------------
Running main() from /Users/cohenjon/cmake-ex/abseil-hello-fork/cmake-hello/build/googletest-src/googletest/src/gtest_main.cc
[==========] Running 1 test from 1 test suite.
[----------] Global test environment set-up.
[----------] 1 test from CallOnceTest
[ RUN      ] CallOnceTest.ExecutionCount
[       OK ] CallOnceTest.ExecutionCount (0 ms)
[----------] 1 test from CallOnceTest (0 ms total)

[----------] Global test environment tear-down
[==========] 1 test from 1 test suite ran. (0 ms total)
[  PASSED  ] 1 test.
<end of output>
Test time =   0.01 sec
----------------------------------------------------------
Test Passed.
"absl_call_once_test" end time: Feb 22 13:32 EST
"absl_call_once_test" time elapsed: 00:00:00
----------------------------------------------------------

11/98 Testing: absl_raw_logging_test
11/98 Test: absl_raw_logging_test
Command: "/Users/cohenjon/cmake-ex/abseil-hello-fork/cmake-hello/build/abseil-cpp/absl/base/absl_raw_logging_test"
Directory: /Users/cohenjon/cmake-ex/abseil-hello-fork/cmake-hello/build/abseil-cpp/absl/base
"absl_raw_logging_test" start time: Feb 22 13:32 EST
Output:
----------------------------------------------------------
Running main() from /Users/cohenjon/cmake-ex/abseil-hello-fork/cmake-hello/build/googletest-src/googletest/src/gtest_main.cc
[==========] Running 7 tests from 4 test suites.
[----------] Global test environment set-up.
[----------] 2 tests from RawLoggingDeathTest
[ RUN      ] RawLoggingDeathTest.FailingCheck
[       OK ] RawLoggingDeathTest.FailingCheck (2 ms)
[ RUN      ] RawLoggingDeathTest.LogFatal
[       OK ] RawLoggingDeathTest.LogFatal (2 ms)
[----------] 2 tests from RawLoggingDeathTest (4 ms total)

[----------] 2 tests from InternalLogDeathTest
[ RUN      ] InternalLogDeathTest.FailingCheck
[       OK ] InternalLogDeathTest.FailingCheck (2 ms)
[ RUN      ] InternalLogDeathTest.LogFatal
[       OK ] InternalLogDeathTest.LogFatal (2 ms)
[----------] 2 tests from InternalLogDeathTest (4 ms total)

[----------] 2 tests from RawLoggingCompilationTest
[ RUN      ] RawLoggingCompilationTest.Log
[raw_logging_test.cc : 29] RAW: RAW INFO: 1
[raw_logging_test.cc : 30] RAW: RAW INFO: 1 2
[raw_logging_test.cc : 31] RAW: RAW INFO: 1 2 3
[raw_logging_test.cc : 32] RAW: RAW INFO: 1 2 3 4
[raw_logging_test.cc : 33] RAW: RAW INFO: 1 2 3 4 5
[raw_logging_test.cc : 34] RAW: RAW WARNING: 1
[raw_logging_test.cc : 35] RAW: RAW ERROR: 1
[       OK ] RawLoggingCompilationTest.Log (0 ms)
[ RUN      ] RawLoggingCompilationTest.PassingCheck
[       OK ] RawLoggingCompilationTest.PassingCheck (0 ms)
[----------] 2 tests from RawLoggingCompilationTest (0 ms total)

[----------] 1 test from InternalLog
[ RUN      ] InternalLog.CompilationTest
[raw_logging_test.cc : 59] RAW: Internal Log
[raw_logging_test.cc : 61] RAW: Internal Log
[raw_logging_test.cc : 63] RAW: Internal Log 2
[raw_logging_test.cc : 66] RAW: Internal log 3 + 1.1
[       OK ] InternalLog.CompilationTest (0 ms)
[----------] 1 test from InternalLog (0 ms total)

[----------] Global test environment tear-down
[==========] 7 tests from 4 test suites ran. (8 ms total)
[  PASSED  ] 7 tests.
<end of output>
Test time =   0.01 sec
----------------------------------------------------------
Test Passed.
"absl_raw_logging_test" end time: Feb 22 13:32 EST
"absl_raw_logging_test" time elapsed: 00:00:00
----------------------------------------------------------

12/98 Testing: absl_sysinfo_test
12/98 Test: absl_sysinfo_test
Command: "/Users/cohenjon/cmake-ex/abseil-hello-fork/cmake-hello/build/abseil-cpp/absl/base/absl_sysinfo_test"
Directory: /Users/cohenjon/cmake-ex/abseil-hello-fork/cmake-hello/build/abseil-cpp/absl/base
"absl_sysinfo_test" start time: Feb 22 13:32 EST
Output:
----------------------------------------------------------
Running main() from /Users/cohenjon/cmake-ex/abseil-hello-fork/cmake-hello/build/googletest-src/googletest/src/gtest_main.cc
[==========] Running 3 tests from 1 test suite.
[----------] Global test environment set-up.
[----------] 3 tests from SysinfoTest
[ RUN      ] SysinfoTest.NumCPUs
[       OK ] SysinfoTest.NumCPUs (0 ms)
[ RUN      ] SysinfoTest.NominalCPUFrequency
[       OK ] SysinfoTest.NominalCPUFrequency (0 ms)
[ RUN      ] SysinfoTest.GetTID
[       OK ] SysinfoTest.GetTID (81 ms)
[----------] 3 tests from SysinfoTest (81 ms total)

[----------] Global test environment tear-down
[==========] 3 tests from 1 test suite ran. (82 ms total)
[  PASSED  ] 3 tests.
<end of output>
Test time =   0.09 sec
----------------------------------------------------------
Test Passed.
"absl_sysinfo_test" end time: Feb 22 13:32 EST
"absl_sysinfo_test" time elapsed: 00:00:00
----------------------------------------------------------

14/98 Testing: absl_thread_identity_test
14/98 Test: absl_thread_identity_test
Command: "/Users/cohenjon/cmake-ex/abseil-hello-fork/cmake-hello/build/abseil-cpp/absl/base/absl_thread_identity_test"
Directory: /Users/cohenjon/cmake-ex/abseil-hello-fork/cmake-hello/build/abseil-cpp/absl/base
"absl_thread_identity_test" start time: Feb 22 13:32 EST
Output:
----------------------------------------------------------
Running main() from /Users/cohenjon/cmake-ex/abseil-hello-fork/cmake-hello/build/googletest-src/googletest/src/gtest_main.cc
[==========] Running 3 tests from 1 test suite.
[----------] Global test environment set-up.
[----------] 3 tests from ThreadIdentityTest
[ RUN      ] ThreadIdentityTest.BasicIdentityWorks
[       OK ] ThreadIdentityTest.BasicIdentityWorks (0 ms)
[ RUN      ] ThreadIdentityTest.BasicIdentityWorksThreaded
[       OK ] ThreadIdentityTest.BasicIdentityWorksThreaded (31 ms)
[ RUN      ] ThreadIdentityTest.ReusedThreadIdentityMutexTest
[       OK ] ThreadIdentityTest.ReusedThreadIdentityMutexTest (3 ms)
[----------] 3 tests from ThreadIdentityTest (34 ms total)

[----------] Global test environment tear-down
[==========] 3 tests from 1 test suite ran. (34 ms total)
[  PASSED  ] 3 tests.
<end of output>
Test time =   0.06 sec
----------------------------------------------------------
Test Passed.
"absl_thread_identity_test" end time: Feb 22 13:32 EST
"absl_thread_identity_test" time elapsed: 00:00:00
----------------------------------------------------------

15/98 Testing: absl_bits_test
15/98 Test: absl_bits_test
Command: "/Users/cohenjon/cmake-ex/abseil-hello-fork/cmake-hello/build/abseil-cpp/absl/base/absl_bits_test"
Directory: /Users/cohenjon/cmake-ex/abseil-hello-fork/cmake-hello/build/abseil-cpp/absl/base
"absl_bits_test" start time: Feb 22 13:32 EST
Output:
----------------------------------------------------------
Running main() from /Users/cohenjon/cmake-ex/abseil-hello-fork/cmake-hello/build/googletest-src/googletest/src/gtest_main.cc
[==========] Running 4 tests from 1 test suite.
[----------] Global test environment set-up.
[----------] 4 tests from BitsTest
[ RUN      ] BitsTest.CountLeadingZeros64
[       OK ] BitsTest.CountLeadingZeros64 (0 ms)
[ RUN      ] BitsTest.CountLeadingZeros32
[       OK ] BitsTest.CountLeadingZeros32 (0 ms)
[ RUN      ] BitsTest.CountTrailingZerosNonZero64
[       OK ] BitsTest.CountTrailingZerosNonZero64 (0 ms)
[ RUN      ] BitsTest.CountTrailingZerosNonZero32
[       OK ] BitsTest.CountTrailingZerosNonZero32 (0 ms)
[----------] 4 tests from BitsTest (0 ms total)

[----------] Global test environment tear-down
[==========] 4 tests from 1 test suite ran. (0 ms total)
[  PASSED  ] 4 tests.
<end of output>
Test time =   0.02 sec
----------------------------------------------------------
Test Passed.
"absl_bits_test" end time: Feb 22 13:32 EST
"absl_bits_test" time elapsed: 00:00:00
----------------------------------------------------------

16/98 Testing: absl_algorithm_test
16/98 Test: absl_algorithm_test
Command: "/Users/cohenjon/cmake-ex/abseil-hello-fork/cmake-hello/build/abseil-cpp/absl/algorithm/absl_algorithm_test"
Directory: /Users/cohenjon/cmake-ex/abseil-hello-fork/cmake-hello/build/abseil-cpp/absl/algorithm
"absl_algorithm_test" start time: Feb 22 13:32 EST
Output:
----------------------------------------------------------
Running main() from gmock_main.cc
[==========] Running 12 tests from 3 test suites.
[----------] Global test environment set-up.
[----------] 9 tests from EqualTest
[ RUN      ] EqualTest.DefaultComparisonRandomAccess
[       OK ] EqualTest.DefaultComparisonRandomAccess (0 ms)
[ RUN      ] EqualTest.DefaultComparison
[       OK ] EqualTest.DefaultComparison (0 ms)
[ RUN      ] EqualTest.EmptyRange
[       OK ] EqualTest.EmptyRange (0 ms)
[ RUN      ] EqualTest.MixedIterTypes
[       OK ] EqualTest.MixedIterTypes (0 ms)
[ RUN      ] EqualTest.MixedValueTypes
[       OK ] EqualTest.MixedValueTypes (0 ms)
[ RUN      ] EqualTest.WeirdIterators
[       OK ] EqualTest.WeirdIterators (0 ms)
[ RUN      ] EqualTest.CustomComparison
[       OK ] EqualTest.CustomComparison (0 ms)
[ RUN      ] EqualTest.MoveOnlyPredicate
[       OK ] EqualTest.MoveOnlyPredicate (0 ms)
[ RUN      ] EqualTest.RandomAccessComplexity
[       OK ] EqualTest.RandomAccessComplexity (0 ms)
[----------] 9 tests from EqualTest (0 ms total)

[----------] 2 tests from LinearSearchTest
[ RUN      ] LinearSearchTest.linear_search
[       OK ] LinearSearchTest.linear_search (0 ms)
[ RUN      ] LinearSearchTest.linear_searchConst
[       OK ] LinearSearchTest.linear_searchConst (0 ms)
[----------] 2 tests from LinearSearchTest (0 ms total)

[----------] 1 test from RotateTest
[ RUN      ] RotateTest.Rotate
[       OK ] RotateTest.Rotate (0 ms)
[----------] 1 test from RotateTest (0 ms total)

[----------] Global test environment tear-down
[==========] 12 tests from 3 test suites ran. (0 ms total)
[  PASSED  ] 12 tests.
<end of output>
Test time =   0.02 sec
----------------------------------------------------------
Test Passed.
"absl_algorithm_test" end time: Feb 22 13:32 EST
"absl_algorithm_test" time elapsed: 00:00:00
----------------------------------------------------------

17/98 Testing: absl_container_test
17/98 Test: absl_container_test
Command: "/Users/cohenjon/cmake-ex/abseil-hello-fork/cmake-hello/build/abseil-cpp/absl/algorithm/absl_container_test"
Directory: /Users/cohenjon/cmake-ex/abseil-hello-fork/cmake-hello/build/abseil-cpp/absl/algorithm
"absl_container_test" start time: Feb 22 13:32 EST
Output:
----------------------------------------------------------
Running main() from gmock_main.cc
[==========] Running 118 tests from 6 test suites.
[----------] Global test environment set-up.
[----------] 57 tests from NonMutatingTest
[ RUN      ] NonMutatingTest.Distance
[       OK ] NonMutatingTest.Distance (0 ms)
[ RUN      ] NonMutatingTest.Distance_OverloadedBeginEnd
[       OK ] NonMutatingTest.Distance_OverloadedBeginEnd (0 ms)
[ RUN      ] NonMutatingTest.ForEach
[       OK ] NonMutatingTest.ForEach (0 ms)
[ RUN      ] NonMutatingTest.FindReturnsCorrectType
[       OK ] NonMutatingTest.FindReturnsCorrectType (0 ms)
[ RUN      ] NonMutatingTest.FindIf
[       OK ] NonMutatingTest.FindIf (0 ms)
[ RUN      ] NonMutatingTest.FindIfNot
[       OK ] NonMutatingTest.FindIfNot (0 ms)
[ RUN      ] NonMutatingTest.FindEnd
[       OK ] NonMutatingTest.FindEnd (0 ms)
[ RUN      ] NonMutatingTest.FindEndWithPredicate
[       OK ] NonMutatingTest.FindEndWithPredicate (0 ms)
[ RUN      ] NonMutatingTest.FindFirstOf
[       OK ] NonMutatingTest.FindFirstOf (0 ms)
[ RUN      ] NonMutatingTest.FindFirstOfWithPredicate
[       OK ] NonMutatingTest.FindFirstOfWithPredicate (0 ms)
[ RUN      ] NonMutatingTest.AdjacentFind
[       OK ] NonMutatingTest.AdjacentFind (0 ms)
[ RUN      ] NonMutatingTest.AdjacentFindWithPredicate
[       OK ] NonMutatingTest.AdjacentFindWithPredicate (0 ms)
[ RUN      ] NonMutatingTest.Count
[       OK ] NonMutatingTest.Count (0 ms)
[ RUN      ] NonMutatingTest.CountIf
[       OK ] NonMutatingTest.CountIf (0 ms)
[ RUN      ] NonMutatingTest.Mismatch
[       OK ] NonMutatingTest.Mismatch (0 ms)
[ RUN      ] NonMutatingTest.MismatchWithPredicate
[       OK ] NonMutatingTest.MismatchWithPredicate (0 ms)
[ RUN      ] NonMutatingTest.Equal
[       OK ] NonMutatingTest.Equal (1 ms)
[ RUN      ] NonMutatingTest.EqualWithPredicate
[       OK ] NonMutatingTest.EqualWithPredicate (0 ms)
[ RUN      ] NonMutatingTest.IsPermutation
[       OK ] NonMutatingTest.IsPermutation (0 ms)
[ RUN      ] NonMutatingTest.IsPermutationWithPredicate
[       OK ] NonMutatingTest.IsPermutationWithPredicate (0 ms)
[ RUN      ] NonMutatingTest.Search
[       OK ] NonMutatingTest.Search (0 ms)
[ RUN      ] NonMutatingTest.SearchWithPredicate
[       OK ] NonMutatingTest.SearchWithPredicate (0 ms)
[ RUN      ] NonMutatingTest.SearchN
[       OK ] NonMutatingTest.SearchN (0 ms)
[ RUN      ] NonMutatingTest.SearchNWithPredicate
[       OK ] NonMutatingTest.SearchNWithPredicate (0 ms)
[ RUN      ] NonMutatingTest.LowerBound
[       OK ] NonMutatingTest.LowerBound (0 ms)
[ RUN      ] NonMutatingTest.LowerBoundWithPredicate
[       OK ] NonMutatingTest.LowerBoundWithPredicate (0 ms)
[ RUN      ] NonMutatingTest.UpperBound
[       OK ] NonMutatingTest.UpperBound (0 ms)
[ RUN      ] NonMutatingTest.UpperBoundWithPredicate
[       OK ] NonMutatingTest.UpperBoundWithPredicate (0 ms)
[ RUN      ] NonMutatingTest.EqualRange
[       OK ] NonMutatingTest.EqualRange (0 ms)
[ RUN      ] NonMutatingTest.EqualRangeArray
[       OK ] NonMutatingTest.EqualRangeArray (0 ms)
[ RUN      ] NonMutatingTest.EqualRangeWithPredicate
[       OK ] NonMutatingTest.EqualRangeWithPredicate (0 ms)
[ RUN      ] NonMutatingTest.BinarySearch
[       OK ] NonMutatingTest.BinarySearch (0 ms)
[ RUN      ] NonMutatingTest.BinarySearchWithPredicate
[       OK ] NonMutatingTest.BinarySearchWithPredicate (0 ms)
[ RUN      ] NonMutatingTest.MinElement
[       OK ] NonMutatingTest.MinElement (0 ms)
[ RUN      ] NonMutatingTest.MinElementWithPredicate
[       OK ] NonMutatingTest.MinElementWithPredicate (0 ms)
[ RUN      ] NonMutatingTest.MaxElement
[       OK ] NonMutatingTest.MaxElement (0 ms)
[ RUN      ] NonMutatingTest.MaxElementWithPredicate
[       OK ] NonMutatingTest.MaxElementWithPredicate (0 ms)
[ RUN      ] NonMutatingTest.LexicographicalCompare
[       OK ] NonMutatingTest.LexicographicalCompare (0 ms)
[ RUN      ] NonMutatingTest.LexicographicalCopmareWithPredicate
[       OK ] NonMutatingTest.LexicographicalCopmareWithPredicate (0 ms)
[ RUN      ] NonMutatingTest.Includes
[       OK ] NonMutatingTest.Includes (0 ms)
[ RUN      ] NonMutatingTest.IncludesWithPredicate
[       OK ] NonMutatingTest.IncludesWithPredicate (0 ms)
[ RUN      ] NonMutatingTest.Accumulate
[       OK ] NonMutatingTest.Accumulate (0 ms)
[ RUN      ] NonMutatingTest.AccumulateWithBinaryOp
[       OK ] NonMutatingTest.AccumulateWithBinaryOp (0 ms)
[ RUN      ] NonMutatingTest.AccumulateLvalueInit
[       OK ] NonMutatingTest.AccumulateLvalueInit (0 ms)
[ RUN      ] NonMutatingTest.AccumulateWithBinaryOpLvalueInit
[       OK ] NonMutatingTest.AccumulateWithBinaryOpLvalueInit (0 ms)
[ RUN      ] NonMutatingTest.InnerProduct
[       OK ] NonMutatingTest.InnerProduct (0 ms)
[ RUN      ] NonMutatingTest.InnerProductWithBinaryOps
[       OK ] NonMutatingTest.InnerProductWithBinaryOps (0 ms)
[ RUN      ] NonMutatingTest.InnerProductLvalueInit
[       OK ] NonMutatingTest.InnerProductLvalueInit (0 ms)
[ RUN      ] NonMutatingTest.InnerProductWithBinaryOpsLvalueInit
[       OK ] NonMutatingTest.InnerProductWithBinaryOpsLvalueInit (0 ms)
[ RUN      ] NonMutatingTest.LinearSearch
[       OK ] NonMutatingTest.LinearSearch (0 ms)
[ RUN      ] NonMutatingTest.AllOf
[       OK ] NonMutatingTest.AllOf (0 ms)
[ RUN      ] NonMutatingTest.AnyOf
[       OK ] NonMutatingTest.AnyOf (0 ms)
[ RUN      ] NonMutatingTest.NoneOf
[       OK ] NonMutatingTest.NoneOf (0 ms)
[ RUN      ] NonMutatingTest.MinMaxElementLess
[       OK ] NonMutatingTest.MinMaxElementLess (0 ms)
[ RUN      ] NonMutatingTest.MinMaxElementGreater
[       OK ] NonMutatingTest.MinMaxElementGreater (0 ms)
[ RUN      ] NonMutatingTest.MinMaxElementNoPredicate
[       OK ] NonMutatingTest.MinMaxElementNoPredicate (0 ms)
[ RUN      ] NonMutatingTest.Transform
[       OK ] NonMutatingTest.Transform (0 ms)
[----------] 57 tests from NonMutatingTest (1 ms total)

[----------] 5 tests from NumericMutatingTest
[ RUN      ] NumericMutatingTest.Iota
[       OK ] NumericMutatingTest.Iota (0 ms)
[ RUN      ] NumericMutatingTest.AdjacentDifference
[       OK ] NumericMutatingTest.AdjacentDifference (0 ms)
[ RUN      ] NumericMutatingTest.AdjacentDifferenceWithBinaryOp
[       OK ] NumericMutatingTest.AdjacentDifferenceWithBinaryOp (0 ms)
[ RUN      ] NumericMutatingTest.PartialSum
[       OK ] NumericMutatingTest.PartialSum (0 ms)
[ RUN      ] NumericMutatingTest.PartialSumWithBinaryOp
[       OK ] NumericMutatingTest.PartialSumWithBinaryOp (0 ms)
[----------] 5 tests from NumericMutatingTest (0 ms total)

[----------] 4 tests from SortingTest
[ RUN      ] SortingTest.IsSorted
[       OK ] SortingTest.IsSorted (0 ms)
[ RUN      ] SortingTest.IsSortedWithPredicate
[       OK ] SortingTest.IsSortedWithPredicate (0 ms)
[ RUN      ] SortingTest.IsSortedUntil
[       OK ] SortingTest.IsSortedUntil (0 ms)
[ RUN      ] SortingTest.NthElement
[       OK ] SortingTest.NthElement (0 ms)
[----------] 4 tests from SortingTest (0 ms total)

[----------] 42 tests from MutatingTest
[ RUN      ] MutatingTest.IsPartitioned
[       OK ] MutatingTest.IsPartitioned (0 ms)
[ RUN      ] MutatingTest.Partition
[       OK ] MutatingTest.Partition (0 ms)
[ RUN      ] MutatingTest.StablePartition
[       OK ] MutatingTest.StablePartition (0 ms)
[ RUN      ] MutatingTest.PartitionCopy
[       OK ] MutatingTest.PartitionCopy (0 ms)
[ RUN      ] MutatingTest.PartitionPoint
[       OK ] MutatingTest.PartitionPoint (0 ms)
[ RUN      ] MutatingTest.CopyMiddle
[       OK ] MutatingTest.CopyMiddle (0 ms)
[ RUN      ] MutatingTest.CopyFrontInserter
[       OK ] MutatingTest.CopyFrontInserter (0 ms)
[ RUN      ] MutatingTest.CopyBackInserter
[       OK ] MutatingTest.CopyBackInserter (0 ms)
[ RUN      ] MutatingTest.CopyN
[       OK ] MutatingTest.CopyN (0 ms)
[ RUN      ] MutatingTest.CopyIf
[       OK ] MutatingTest.CopyIf (0 ms)
[ RUN      ] MutatingTest.CopyBackward
[       OK ] MutatingTest.CopyBackward (0 ms)
[ RUN      ] MutatingTest.Move
[       OK ] MutatingTest.Move (0 ms)
[ RUN      ] MutatingTest.MoveWithRvalue
[       OK ] MutatingTest.MoveWithRvalue (1 ms)
[ RUN      ] MutatingTest.SwapRanges
[       OK ] MutatingTest.SwapRanges (0 ms)
[ RUN      ] MutatingTest.Replace
[       OK ] MutatingTest.Replace (0 ms)
[ RUN      ] MutatingTest.ReplaceIf
[       OK ] MutatingTest.ReplaceIf (0 ms)
[ RUN      ] MutatingTest.ReplaceCopy
[       OK ] MutatingTest.ReplaceCopy (0 ms)
[ RUN      ] MutatingTest.Sort
[       OK ] MutatingTest.Sort (0 ms)
[ RUN      ] MutatingTest.SortWithPredicate
[       OK ] MutatingTest.SortWithPredicate (0 ms)
[ RUN      ] MutatingTest.StableSort
[       OK ] MutatingTest.StableSort (0 ms)
[ RUN      ] MutatingTest.StableSortWithPredicate
[       OK ] MutatingTest.StableSortWithPredicate (0 ms)
[ RUN      ] MutatingTest.ReplaceCopyIf
[       OK ] MutatingTest.ReplaceCopyIf (0 ms)
[ RUN      ] MutatingTest.Fill
[       OK ] MutatingTest.Fill (0 ms)
[ RUN      ] MutatingTest.FillN
[       OK ] MutatingTest.FillN (0 ms)
[ RUN      ] MutatingTest.Generate
[       OK ] MutatingTest.Generate (0 ms)
[ RUN      ] MutatingTest.GenerateN
[       OK ] MutatingTest.GenerateN (0 ms)
[ RUN      ] MutatingTest.RemoveCopy
[       OK ] MutatingTest.RemoveCopy (0 ms)
[ RUN      ] MutatingTest.RemoveCopyIf
[       OK ] MutatingTest.RemoveCopyIf (0 ms)
[ RUN      ] MutatingTest.UniqueCopy
[       OK ] MutatingTest.UniqueCopy (0 ms)
[ RUN      ] MutatingTest.UniqueCopyWithPredicate
[       OK ] MutatingTest.UniqueCopyWithPredicate (0 ms)
[ RUN      ] MutatingTest.Reverse
[       OK ] MutatingTest.Reverse (0 ms)
[ RUN      ] MutatingTest.ReverseCopy
[       OK ] MutatingTest.ReverseCopy (0 ms)
[ RUN      ] MutatingTest.Rotate
[       OK ] MutatingTest.Rotate (0 ms)
[ RUN      ] MutatingTest.RotateCopy
[       OK ] MutatingTest.RotateCopy (0 ms)
[ RUN      ] MutatingTest.Shuffle
[       OK ] MutatingTest.Shuffle (0 ms)
[ RUN      ] MutatingTest.PartialSort
[       OK ] MutatingTest.PartialSort (0 ms)
[ RUN      ] MutatingTest.PartialSortCopy
[       OK ] MutatingTest.PartialSortCopy (0 ms)
[ RUN      ] MutatingTest.Merge
[       OK ] MutatingTest.Merge (0 ms)
[ RUN      ] MutatingTest.MergeWithComparator
[       OK ] MutatingTest.MergeWithComparator (0 ms)
[ RUN      ] MutatingTest.InplaceMerge
[       OK ] MutatingTest.InplaceMerge (0 ms)
[ RUN      ] MutatingTest.InplaceMergeWithComparator
[       OK ] MutatingTest.InplaceMergeWithComparator (0 ms)
[ RUN      ] MutatingTest.PermutationOperations
[       OK ] MutatingTest.PermutationOperations (0 ms)
[----------] 42 tests from MutatingTest (1 ms total)

[----------] 8 tests from SetOperationsTest
[ RUN      ] SetOperationsTest.SetUnion
[       OK ] SetOperationsTest.SetUnion (0 ms)
[ RUN      ] SetOperationsTest.SetUnionWithComparator
[       OK ] SetOperationsTest.SetUnionWithComparator (0 ms)
[ RUN      ] SetOperationsTest.SetIntersection
[       OK ] SetOperationsTest.SetIntersection (0 ms)
[ RUN      ] SetOperationsTest.SetIntersectionWithComparator
[       OK ] SetOperationsTest.SetIntersectionWithComparator (0 ms)
[ RUN      ] SetOperationsTest.SetDifference
[       OK ] SetOperationsTest.SetDifference (0 ms)
[ RUN      ] SetOperationsTest.SetDifferenceWithComparator
[       OK ] SetOperationsTest.SetDifferenceWithComparator (0 ms)
[ RUN      ] SetOperationsTest.SetSymmetricDifference
[       OK ] SetOperationsTest.SetSymmetricDifference (0 ms)
[ RUN      ] SetOperationsTest.SetSymmetricDifferenceWithComparator
[       OK ] SetOperationsTest.SetSymmetricDifferenceWithComparator (0 ms)
[----------] 8 tests from SetOperationsTest (0 ms total)

[----------] 2 tests from HeapOperationsTest
[ RUN      ] HeapOperationsTest.WithoutComparator
[       OK ] HeapOperationsTest.WithoutComparator (0 ms)
[ RUN      ] HeapOperationsTest.WithComparator
[       OK ] HeapOperationsTest.WithComparator (0 ms)
[----------] 2 tests from HeapOperationsTest (0 ms total)

[----------] Global test environment tear-down
[==========] 118 tests from 6 test suites ran. (2 ms total)
[  PASSED  ] 118 tests.
<end of output>
Test time =   0.03 sec
----------------------------------------------------------
Test Passed.
"absl_container_test" end time: Feb 22 13:32 EST
"absl_container_test" time elapsed: 00:00:00
----------------------------------------------------------

18/98 Testing: absl_compressed_tuple_test
18/98 Test: absl_compressed_tuple_test
Command: "/Users/cohenjon/cmake-ex/abseil-hello-fork/cmake-hello/build/abseil-cpp/absl/container/absl_compressed_tuple_test"
Directory: /Users/cohenjon/cmake-ex/abseil-hello-fork/cmake-hello/build/abseil-cpp/absl/container
"absl_compressed_tuple_test" start time: Feb 22 13:32 EST
Output:
----------------------------------------------------------
Running main() from gmock_main.cc
[==========] Running 10 tests from 1 test suite.
[----------] Global test environment set-up.
[----------] 10 tests from CompressedTupleTest
[ RUN      ] CompressedTupleTest.Sizeof
[       OK ] CompressedTupleTest.Sizeof (0 ms)
[ RUN      ] CompressedTupleTest.Access
[       OK ] CompressedTupleTest.Access (0 ms)
[ RUN      ] CompressedTupleTest.NonClasses
[       OK ] CompressedTupleTest.NonClasses (0 ms)
[ RUN      ] CompressedTupleTest.MixClassAndNonClass
[       OK ] CompressedTupleTest.MixClassAndNonClass (0 ms)
[ RUN      ] CompressedTupleTest.Nested
[       OK ] CompressedTupleTest.Nested (0 ms)
[ RUN      ] CompressedTupleTest.Reference
[       OK ] CompressedTupleTest.Reference (0 ms)
[ RUN      ] CompressedTupleTest.NoElements
[       OK ] CompressedTupleTest.NoElements (0 ms)
[ RUN      ] CompressedTupleTest.MoveOnlyElements
[       OK ] CompressedTupleTest.MoveOnlyElements (0 ms)
[ RUN      ] CompressedTupleTest.Constexpr
[       OK ] CompressedTupleTest.Constexpr (0 ms)
[ RUN      ] CompressedTupleTest.EmptyFinalClass
[       OK ] CompressedTupleTest.EmptyFinalClass (0 ms)
[----------] 10 tests from CompressedTupleTest (0 ms total)

[----------] Global test environment tear-down
[==========] 10 tests from 1 test suite ran. (0 ms total)
[  PASSED  ] 10 tests.
<end of output>
Test time =   0.01 sec
----------------------------------------------------------
Test Passed.
"absl_compressed_tuple_test" end time: Feb 22 13:32 EST
"absl_compressed_tuple_test" time elapsed: 00:00:00
----------------------------------------------------------

8/98 Testing: absl_endian_test
8/98 Test: absl_endian_test
Command: "/Users/cohenjon/cmake-ex/abseil-hello-fork/cmake-hello/build/abseil-cpp/absl/base/absl_endian_test"
Directory: /Users/cohenjon/cmake-ex/abseil-hello-fork/cmake-hello/build/abseil-cpp/absl/base
"absl_endian_test" start time: Feb 22 13:32 EST
Output:
----------------------------------------------------------
Running main() from /Users/cohenjon/cmake-ex/abseil-hello-fork/cmake-hello/build/googletest-src/googletest/src/gtest_main.cc
[==========] Running 6 tests from 1 test suite.
[----------] Global test environment set-up.
[----------] 6 tests from EndianessTest
[ RUN      ] EndianessTest.Uint16
[       OK ] EndianessTest.Uint16 (11 ms)
[ RUN      ] EndianessTest.Uint32
[       OK ] EndianessTest.Uint32 (217 ms)
[ RUN      ] EndianessTest.Uint64
[       OK ] EndianessTest.Uint64 (174 ms)
[ RUN      ] EndianessTest.ghtonll_gntohll
[       OK ] EndianessTest.ghtonll_gntohll (0 ms)
[ RUN      ] EndianessTest.little_endian
[       OK ] EndianessTest.little_endian (0 ms)
[ RUN      ] EndianessTest.big_endian
[       OK ] EndianessTest.big_endian (0 ms)
[----------] 6 tests from EndianessTest (403 ms total)

[----------] Global test environment tear-down
[==========] 6 tests from 1 test suite ran. (403 ms total)
[  PASSED  ] 6 tests.
<end of output>
Test time =   0.41 sec
----------------------------------------------------------
Test Passed.
"absl_endian_test" end time: Feb 22 13:32 EST
"absl_endian_test" time elapsed: 00:00:00
----------------------------------------------------------

7/98 Testing: absl_spinlock_test
7/98 Test: absl_spinlock_test
Command: "/Users/cohenjon/cmake-ex/abseil-hello-fork/cmake-hello/build/abseil-cpp/absl/base/absl_spinlock_test"
Directory: /Users/cohenjon/cmake-ex/abseil-hello-fork/cmake-hello/build/abseil-cpp/absl/base
"absl_spinlock_test" start time: Feb 22 13:32 EST
Output:
----------------------------------------------------------
Running main() from /Users/cohenjon/cmake-ex/abseil-hello-fork/cmake-hello/build/googletest-src/googletest/src/gtest_main.cc
[==========] Running 10 tests from 2 test suites.
[----------] Global test environment set-up.
[----------] 3 tests from SpinLock
[ RUN      ] SpinLock.StackNonCooperativeDisablesScheduling
[       OK ] SpinLock.StackNonCooperativeDisablesScheduling (0 ms)
[ RUN      ] SpinLock.StaticNonCooperativeDisablesScheduling
[       OK ] SpinLock.StaticNonCooperativeDisablesScheduling (0 ms)
[ RUN      ] SpinLock.WaitCyclesEncoding
[       OK ] SpinLock.WaitCyclesEncoding (0 ms)
[----------] 3 tests from SpinLock (0 ms total)

[----------] 7 tests from SpinLockWithThreads
[ RUN      ] SpinLockWithThreads.StaticSpinLock
[       OK ] SpinLockWithThreads.StaticSpinLock (209 ms)
[ RUN      ] SpinLockWithThreads.StackSpinLock
[       OK ] SpinLockWithThreads.StackSpinLock (78 ms)
[ RUN      ] SpinLockWithThreads.StackCooperativeSpinLock
[       OK ] SpinLockWithThreads.StackCooperativeSpinLock (80 ms)
[ RUN      ] SpinLockWithThreads.StackNonCooperativeSpinLock
[       OK ] SpinLockWithThreads.StackNonCooperativeSpinLock (84 ms)
[ RUN      ] SpinLockWithThreads.StaticCooperativeSpinLock
[       OK ] SpinLockWithThreads.StaticCooperativeSpinLock (73 ms)
[ RUN      ] SpinLockWithThreads.StaticNonCooperativeSpinLock
[       OK ] SpinLockWithThreads.StaticNonCooperativeSpinLock (81 ms)
[ RUN      ] SpinLockWithThreads.DoesNotDeadlock
[       OK ] SpinLockWithThreads.DoesNotDeadlock (2 ms)
[----------] 7 tests from SpinLockWithThreads (607 ms total)

[----------] Global test environment tear-down
[==========] 10 tests from 2 test suites ran. (608 ms total)
[  PASSED  ] 10 tests.
<end of output>
Test time =   0.61 sec
----------------------------------------------------------
Test Passed.
"absl_spinlock_test" end time: Feb 22 13:32 EST
"absl_spinlock_test" time elapsed: 00:00:00
----------------------------------------------------------

21/98 Testing: absl_fixed_array_exception_safety_test
21/98 Test: absl_fixed_array_exception_safety_test
Command: "/Users/cohenjon/cmake-ex/abseil-hello-fork/cmake-hello/build/abseil-cpp/absl/container/absl_fixed_array_exception_safety_test"
Directory: /Users/cohenjon/cmake-ex/abseil-hello-fork/cmake-hello/build/abseil-cpp/absl/container
"absl_fixed_array_exception_safety_test" start time: Feb 22 13:32 EST
Output:
----------------------------------------------------------
Running main() from gmock_main.cc
[==========] Running 7 tests from 1 test suite.
[----------] Global test environment set-up.
[----------] 7 tests from FixedArrayExceptionSafety
[ RUN      ] FixedArrayExceptionSafety.CopyConstructor
[       OK ] FixedArrayExceptionSafety.CopyConstructor (2 ms)
[ RUN      ] FixedArrayExceptionSafety.MoveConstructor
[       OK ] FixedArrayExceptionSafety.MoveConstructor (3 ms)
[ RUN      ] FixedArrayExceptionSafety.SizeConstructor
[       OK ] FixedArrayExceptionSafety.SizeConstructor (2 ms)
[ RUN      ] FixedArrayExceptionSafety.SizeValueConstructor
[       OK ] FixedArrayExceptionSafety.SizeValueConstructor (2 ms)
[ RUN      ] FixedArrayExceptionSafety.IteratorConstructor
[       OK ] FixedArrayExceptionSafety.IteratorConstructor (2 ms)
[ RUN      ] FixedArrayExceptionSafety.InitListConstructor
[       OK ] FixedArrayExceptionSafety.InitListConstructor (0 ms)
[ RUN      ] FixedArrayExceptionSafety.Fill
[       OK ] FixedArrayExceptionSafety.Fill (5 ms)
[----------] 7 tests from FixedArrayExceptionSafety (16 ms total)

[----------] Global test environment tear-down
[==========] 7 tests from 1 test suite ran. (16 ms total)
[  PASSED  ] 7 tests.
<end of output>
Test time =   0.03 sec
----------------------------------------------------------
Test Passed.
"absl_fixed_array_exception_safety_test" end time: Feb 22 13:32 EST
"absl_fixed_array_exception_safety_test" time elapsed: 00:00:00
----------------------------------------------------------

22/98 Testing: absl_inlined_vector_test
22/98 Test: absl_inlined_vector_test
Command: "/Users/cohenjon/cmake-ex/abseil-hello-fork/cmake-hello/build/abseil-cpp/absl/container/absl_inlined_vector_test"
Directory: /Users/cohenjon/cmake-ex/abseil-hello-fork/cmake-hello/build/abseil-cpp/absl/container
"absl_inlined_vector_test" start time: Feb 22 13:32 EST
Output:
----------------------------------------------------------
Running main() from gmock_main.cc
[==========] Running 74 tests from 15 test suites.
[----------] Global test environment set-up.
[----------] 15 tests from IntVec
[ RUN      ] IntVec.SimpleOps
[       OK ] IntVec.SimpleOps (0 ms)
[ RUN      ] IntVec.AtThrows
[       OK ] IntVec.AtThrows (0 ms)
[ RUN      ] IntVec.ReverseIterator
[       OK ] IntVec.ReverseIterator (0 ms)
[ RUN      ] IntVec.Erase
[       OK ] IntVec.Erase (1 ms)
[ RUN      ] IntVec.Insert
[       OK ] IntVec.Insert (28 ms)
[ RUN      ] IntVec.Resize
[       OK ] IntVec.Resize (1 ms)
[ RUN      ] IntVec.InitWithLength
[       OK ] IntVec.InitWithLength (0 ms)
[ RUN      ] IntVec.CopyConstructorAndAssignment
[       OK ] IntVec.CopyConstructorAndAssignment (0 ms)
[ RUN      ] IntVec.AliasingCopyAssignment
[       OK ] IntVec.AliasingCopyAssignment (0 ms)
[ RUN      ] IntVec.MoveConstructorAndAssignment
[       OK ] IntVec.MoveConstructorAndAssignment (1 ms)
[ RUN      ] IntVec.Clear
[       OK ] IntVec.Clear (1 ms)
[ RUN      ] IntVec.Reserve
[       OK ] IntVec.Reserve (0 ms)
[ RUN      ] IntVec.Swap
[       OK ] IntVec.Swap (11 ms)
[ RUN      ] IntVec.EqualAndNotEqual
[       OK ] IntVec.EqualAndNotEqual (0 ms)
[ RUN      ] IntVec.RelationalOps
[       OK ] IntVec.RelationalOps (0 ms)
[----------] 15 tests from IntVec (43 ms total)

[----------] 2 tests from RefCountedVec
[ RUN      ] RefCountedVec.EraseBeginEnd
[       OK ] RefCountedVec.EraseBeginEnd (7 ms)
[ RUN      ] RefCountedVec.InsertConstructorDestructor
[       OK ] RefCountedVec.InsertConstructorDestructor (5 ms)
[----------] 2 tests from RefCountedVec (12 ms total)

[----------] 9 tests from InlinedVectorTest
[ RUN      ] InlinedVectorTest.NoDefaultCtor
[       OK ] InlinedVectorTest.NoDefaultCtor (0 ms)
[ RUN      ] InlinedVectorTest.NoCopy
[       OK ] InlinedVectorTest.NoCopy (0 ms)
[ RUN      ] InlinedVectorTest.NoAssign
[       OK ] InlinedVectorTest.NoAssign (0 ms)
[ RUN      ] InlinedVectorTest.MoveOnly
[       OK ] InlinedVectorTest.MoveOnly (0 ms)
[ RUN      ] InlinedVectorTest.Noexcept
[       OK ] InlinedVectorTest.Noexcept (0 ms)
[ RUN      ] InlinedVectorTest.EmplaceBack
[       OK ] InlinedVectorTest.EmplaceBack (0 ms)
[ RUN      ] InlinedVectorTest.ShrinkToFitGrowingVector
[       OK ] InlinedVectorTest.ShrinkToFitGrowingVector (0 ms)
[ RUN      ] InlinedVectorTest.ShrinkToFitEdgeCases
[       OK ] InlinedVectorTest.ShrinkToFitEdgeCases (0 ms)
[ RUN      ] InlinedVectorTest.AbslHashValueWorks
[       OK ] InlinedVectorTest.AbslHashValueWorks (1 ms)
[----------] 9 tests from InlinedVectorTest (1 ms total)

[----------] 2 tests from AliasingTest
[ RUN      ] AliasingTest.Emplace
[       OK ] AliasingTest.Emplace (1 ms)
[ RUN      ] AliasingTest.InsertWithCount
[       OK ] AliasingTest.InsertWithCount (0 ms)
[----------] 2 tests from AliasingTest (1 ms total)

[----------] 1 test from OverheadTest
[ RUN      ] OverheadTest.Storage
[       OK ] OverheadTest.Storage (0 ms)
[----------] 1 test from OverheadTest (0 ms total)

[----------] 3 tests from StringVec
[ RUN      ] StringVec.SelfRefPushBack
[       OK ] StringVec.SelfRefPushBack (1 ms)
[ RUN      ] StringVec.SelfRefPushBackWithMove
[       OK ] StringVec.SelfRefPushBackWithMove (0 ms)
[ RUN      ] StringVec.SelfMove
[       OK ] StringVec.SelfMove (0 ms)
[----------] 3 tests from StringVec (1 ms total)

[----------] 4 tests from CountElemAssign
[ RUN      ] CountElemAssign.SimpleTypeWithInlineBacking
[       OK ] CountElemAssign.SimpleTypeWithInlineBacking (1 ms)
[ RUN      ] CountElemAssign.SimpleTypeWithAllocation
[       OK ] CountElemAssign.SimpleTypeWithAllocation (0 ms)
[ RUN      ] CountElemAssign.WithAllocationCopyableInstance
[       OK ] CountElemAssign.WithAllocationCopyableInstance (0 ms)
[ RUN      ] CountElemAssign.WithAllocationCopyableMovableInstance
[       OK ] CountElemAssign.WithAllocationCopyableMovableInstance (0 ms)
[----------] 4 tests from CountElemAssign (1 ms total)

[----------] 2 tests from RangedConstructor
[ RUN      ] RangedConstructor.SimpleType
[       OK ] RangedConstructor.SimpleType (0 ms)
[ RUN      ] RangedConstructor.ElementsAreConstructed
[       OK ] RangedConstructor.ElementsAreConstructed (0 ms)
[----------] 2 tests from RangedConstructor (0 ms total)

[----------] 1 test from RangedAssign
[ RUN      ] RangedAssign.SimpleType
[       OK ] RangedAssign.SimpleType (0 ms)
[----------] 1 test from RangedAssign (0 ms total)

[----------] 5 tests from InitializerListConstructor
[ RUN      ] InitializerListConstructor.SimpleTypeWithInlineBacking
[       OK ] InitializerListConstructor.SimpleTypeWithInlineBacking (0 ms)
[ RUN      ] InitializerListConstructor.SimpleTypeWithReallocationRequired
[       OK ] InitializerListConstructor.SimpleTypeWithReallocationRequired (0 ms)
[ RUN      ] InitializerListConstructor.DisparateTypesInList
[       OK ] InitializerListConstructor.DisparateTypesInList (0 ms)
[ RUN      ] InitializerListConstructor.ComplexTypeWithInlineBacking
[       OK ] InitializerListConstructor.ComplexTypeWithInlineBacking (0 ms)
[ RUN      ] InitializerListConstructor.ComplexTypeWithReallocationRequired
[       OK ] InitializerListConstructor.ComplexTypeWithReallocationRequired (0 ms)
[----------] 5 tests from InitializerListConstructor (0 ms total)

[----------] 3 tests from InitializerListAssign
[ RUN      ] InitializerListAssign.SimpleTypeFitsInlineBacking
[       OK ] InitializerListAssign.SimpleTypeFitsInlineBacking (0 ms)
[ RUN      ] InitializerListAssign.SimpleTypeDoesNotFitInlineBacking
[       OK ] InitializerListAssign.SimpleTypeDoesNotFitInlineBacking (0 ms)
[ RUN      ] InitializerListAssign.DisparateTypesInList
[       OK ] InitializerListAssign.DisparateTypesInList (0 ms)
[----------] 3 tests from InitializerListAssign (0 ms total)

[----------] 10 tests from InstanceTestOnTypes/InstanceTest/0, where TypeParam = absl::test_internal::CopyableOnlyInstance
[ RUN      ] InstanceTestOnTypes/InstanceTest/0.Swap
[       OK ] InstanceTestOnTypes/InstanceTest/0.Swap (3 ms)
[ RUN      ] InstanceTestOnTypes/InstanceTest/0.CountConstructorsDestructors
[       OK ] InstanceTestOnTypes/InstanceTest/0.CountConstructorsDestructors (0 ms)
[ RUN      ] InstanceTestOnTypes/InstanceTest/0.CountConstructorsDestructorsOnCopyConstruction
[       OK ] InstanceTestOnTypes/InstanceTest/0.CountConstructorsDestructorsOnCopyConstruction (0 ms)
[ RUN      ] InstanceTestOnTypes/InstanceTest/0.CountConstructorsDestructorsOnMoveConstruction
[       OK ] InstanceTestOnTypes/InstanceTest/0.CountConstructorsDestructorsOnMoveConstruction (0 ms)
[ RUN      ] InstanceTestOnTypes/InstanceTest/0.CountConstructorsDestructorsOnAssignment
[       OK ] InstanceTestOnTypes/InstanceTest/0.CountConstructorsDestructorsOnAssignment (1 ms)
[ RUN      ] InstanceTestOnTypes/InstanceTest/0.CountConstructorsDestructorsOnMoveAssignment
[       OK ] InstanceTestOnTypes/InstanceTest/0.CountConstructorsDestructorsOnMoveAssignment (0 ms)
[ RUN      ] InstanceTestOnTypes/InstanceTest/0.CountElemAssignInlineBacking
[       OK ] InstanceTestOnTypes/InstanceTest/0.CountElemAssignInlineBacking (0 ms)
[ RUN      ] InstanceTestOnTypes/InstanceTest/0.RangedConstructor
[       OK ] InstanceTestOnTypes/InstanceTest/0.RangedConstructor (0 ms)
[ RUN      ] InstanceTestOnTypes/InstanceTest/0.RangedAssign
[       OK ] InstanceTestOnTypes/InstanceTest/0.RangedAssign (0 ms)
[ RUN      ] InstanceTestOnTypes/InstanceTest/0.InitializerListAssign
[       OK ] InstanceTestOnTypes/InstanceTest/0.InitializerListAssign (0 ms)
[----------] 10 tests from InstanceTestOnTypes/InstanceTest/0 (5 ms total)

[----------] 10 tests from InstanceTestOnTypes/InstanceTest/1, where TypeParam = absl::test_internal::CopyableMovableInstance
[ RUN      ] InstanceTestOnTypes/InstanceTest/1.Swap
[       OK ] InstanceTestOnTypes/InstanceTest/1.Swap (2 ms)
[ RUN      ] InstanceTestOnTypes/InstanceTest/1.CountConstructorsDestructors
[       OK ] InstanceTestOnTypes/InstanceTest/1.CountConstructorsDestructors (0 ms)
[ RUN      ] InstanceTestOnTypes/InstanceTest/1.CountConstructorsDestructorsOnCopyConstruction
[       OK ] InstanceTestOnTypes/InstanceTest/1.CountConstructorsDestructorsOnCopyConstruction (0 ms)
[ RUN      ] InstanceTestOnTypes/InstanceTest/1.CountConstructorsDestructorsOnMoveConstruction
[       OK ] InstanceTestOnTypes/InstanceTest/1.CountConstructorsDestructorsOnMoveConstruction (0 ms)
[ RUN      ] InstanceTestOnTypes/InstanceTest/1.CountConstructorsDestructorsOnAssignment
[       OK ] InstanceTestOnTypes/InstanceTest/1.CountConstructorsDestructorsOnAssignment (1 ms)
[ RUN      ] InstanceTestOnTypes/InstanceTest/1.CountConstructorsDestructorsOnMoveAssignment
[       OK ] InstanceTestOnTypes/InstanceTest/1.CountConstructorsDestructorsOnMoveAssignment (0 ms)
[ RUN      ] InstanceTestOnTypes/InstanceTest/1.CountElemAssignInlineBacking
[       OK ] InstanceTestOnTypes/InstanceTest/1.CountElemAssignInlineBacking (0 ms)
[ RUN      ] InstanceTestOnTypes/InstanceTest/1.RangedConstructor
[       OK ] InstanceTestOnTypes/InstanceTest/1.RangedConstructor (0 ms)
[ RUN      ] InstanceTestOnTypes/InstanceTest/1.RangedAssign
[       OK ] InstanceTestOnTypes/InstanceTest/1.RangedAssign (0 ms)
[ RUN      ] InstanceTestOnTypes/InstanceTest/1.InitializerListAssign
[       OK ] InstanceTestOnTypes/InstanceTest/1.InitializerListAssign (1 ms)
[----------] 10 tests from InstanceTestOnTypes/InstanceTest/1 (4 ms total)

[----------] 1 test from DynamicVec
[ RUN      ] DynamicVec.DynamicVecCompiles
[       OK ] DynamicVec.DynamicVecCompiles (0 ms)
[----------] 1 test from DynamicVec (0 ms total)

[----------] 6 tests from AllocatorSupportTest
[ RUN      ] AllocatorSupportTest.Constructors
[       OK ] AllocatorSupportTest.Constructors (0 ms)
[ RUN      ] AllocatorSupportTest.CountAllocations
[       OK ] AllocatorSupportTest.CountAllocations (0 ms)
[ RUN      ] AllocatorSupportTest.SwapBothAllocated
[       OK ] AllocatorSupportTest.SwapBothAllocated (0 ms)
[ RUN      ] AllocatorSupportTest.SwapOneAllocated
[       OK ] AllocatorSupportTest.SwapOneAllocated (0 ms)
[ RUN      ] AllocatorSupportTest.ScopedAllocatorWorks
[       OK ] AllocatorSupportTest.ScopedAllocatorWorks (0 ms)
[ RUN      ] AllocatorSupportTest.SizeAllocConstructor
[       OK ] AllocatorSupportTest.SizeAllocConstructor (0 ms)
[----------] 6 tests from AllocatorSupportTest (0 ms total)

[----------] Global test environment tear-down
[==========] 74 tests from 15 test suites ran. (70 ms total)
[  PASSED  ] 74 tests.
<end of output>
Test time =   0.12 sec
----------------------------------------------------------
Test Passed.
"absl_inlined_vector_test" end time: Feb 22 13:32 EST
"absl_inlined_vector_test" time elapsed: 00:00:00
----------------------------------------------------------

23/98 Testing: absl_inlined_vector_test_noexceptions
23/98 Test: absl_inlined_vector_test_noexceptions
Command: "/Users/cohenjon/cmake-ex/abseil-hello-fork/cmake-hello/build/abseil-cpp/absl/container/absl_inlined_vector_test_noexceptions"
Directory: /Users/cohenjon/cmake-ex/abseil-hello-fork/cmake-hello/build/abseil-cpp/absl/container
"absl_inlined_vector_test_noexceptions" start time: Feb 22 13:32 EST
Output:
----------------------------------------------------------
Running main() from gmock_main.cc
[==========] Running 74 tests from 15 test suites.
[----------] Global test environment set-up.
[----------] 15 tests from IntVec
[ RUN      ] IntVec.SimpleOps
[       OK ] IntVec.SimpleOps (0 ms)
[ RUN      ] IntVec.AtThrows
[       OK ] IntVec.AtThrows (0 ms)
[ RUN      ] IntVec.ReverseIterator
[       OK ] IntVec.ReverseIterator (0 ms)
[ RUN      ] IntVec.Erase
[       OK ] IntVec.Erase (1 ms)
[ RUN      ] IntVec.Insert
[       OK ] IntVec.Insert (27 ms)
[ RUN      ] IntVec.Resize
[       OK ] IntVec.Resize (1 ms)
[ RUN      ] IntVec.InitWithLength
[       OK ] IntVec.InitWithLength (0 ms)
[ RUN      ] IntVec.CopyConstructorAndAssignment
[       OK ] IntVec.CopyConstructorAndAssignment (0 ms)
[ RUN      ] IntVec.AliasingCopyAssignment
[       OK ] IntVec.AliasingCopyAssignment (1 ms)
[ RUN      ] IntVec.MoveConstructorAndAssignment
[       OK ] IntVec.MoveConstructorAndAssignment (0 ms)
[ RUN      ] IntVec.Clear
[       OK ] IntVec.Clear (0 ms)
[ RUN      ] IntVec.Reserve
[       OK ] IntVec.Reserve (0 ms)
[ RUN      ] IntVec.Swap
[       OK ] IntVec.Swap (11 ms)
[ RUN      ] IntVec.EqualAndNotEqual
[       OK ] IntVec.EqualAndNotEqual (0 ms)
[ RUN      ] IntVec.RelationalOps
[       OK ] IntVec.RelationalOps (0 ms)
[----------] 15 tests from IntVec (42 ms total)

[----------] 2 tests from RefCountedVec
[ RUN      ] RefCountedVec.EraseBeginEnd
[       OK ] RefCountedVec.EraseBeginEnd (7 ms)
[ RUN      ] RefCountedVec.InsertConstructorDestructor
[       OK ] RefCountedVec.InsertConstructorDestructor (6 ms)
[----------] 2 tests from RefCountedVec (13 ms total)

[----------] 9 tests from InlinedVectorTest
[ RUN      ] InlinedVectorTest.NoDefaultCtor
[       OK ] InlinedVectorTest.NoDefaultCtor (0 ms)
[ RUN      ] InlinedVectorTest.NoCopy
[       OK ] InlinedVectorTest.NoCopy (0 ms)
[ RUN      ] InlinedVectorTest.NoAssign
[       OK ] InlinedVectorTest.NoAssign (0 ms)
[ RUN      ] InlinedVectorTest.MoveOnly
[       OK ] InlinedVectorTest.MoveOnly (0 ms)
[ RUN      ] InlinedVectorTest.Noexcept
[       OK ] InlinedVectorTest.Noexcept (0 ms)
[ RUN      ] InlinedVectorTest.EmplaceBack
[       OK ] InlinedVectorTest.EmplaceBack (0 ms)
[ RUN      ] InlinedVectorTest.ShrinkToFitGrowingVector
[       OK ] InlinedVectorTest.ShrinkToFitGrowingVector (0 ms)
[ RUN      ] InlinedVectorTest.ShrinkToFitEdgeCases
[       OK ] InlinedVectorTest.ShrinkToFitEdgeCases (0 ms)
[ RUN      ] InlinedVectorTest.AbslHashValueWorks
[       OK ] InlinedVectorTest.AbslHashValueWorks (1 ms)
[----------] 9 tests from InlinedVectorTest (1 ms total)

[----------] 2 tests from AliasingTest
[ RUN      ] AliasingTest.Emplace
[       OK ] AliasingTest.Emplace (0 ms)
[ RUN      ] AliasingTest.InsertWithCount
[       OK ] AliasingTest.InsertWithCount (1 ms)
[----------] 2 tests from AliasingTest (1 ms total)

[----------] 1 test from OverheadTest
[ RUN      ] OverheadTest.Storage
[       OK ] OverheadTest.Storage (0 ms)
[----------] 1 test from OverheadTest (0 ms total)

[----------] 3 tests from StringVec
[ RUN      ] StringVec.SelfRefPushBack
[       OK ] StringVec.SelfRefPushBack (1 ms)
[ RUN      ] StringVec.SelfRefPushBackWithMove
[       OK ] StringVec.SelfRefPushBackWithMove (0 ms)
[ RUN      ] StringVec.SelfMove
[       OK ] StringVec.SelfMove (0 ms)
[----------] 3 tests from StringVec (1 ms total)

[----------] 4 tests from CountElemAssign
[ RUN      ] CountElemAssign.SimpleTypeWithInlineBacking
[       OK ] CountElemAssign.SimpleTypeWithInlineBacking (0 ms)
[ RUN      ] CountElemAssign.SimpleTypeWithAllocation
[       OK ] CountElemAssign.SimpleTypeWithAllocation (0 ms)
[ RUN      ] CountElemAssign.WithAllocationCopyableInstance
[       OK ] CountElemAssign.WithAllocationCopyableInstance (0 ms)
[ RUN      ] CountElemAssign.WithAllocationCopyableMovableInstance
[       OK ] CountElemAssign.WithAllocationCopyableMovableInstance (1 ms)
[----------] 4 tests from CountElemAssign (1 ms total)

[----------] 2 tests from RangedConstructor
[ RUN      ] RangedConstructor.SimpleType
[       OK ] RangedConstructor.SimpleType (0 ms)
[ RUN      ] RangedConstructor.ElementsAreConstructed
[       OK ] RangedConstructor.ElementsAreConstructed (0 ms)
[----------] 2 tests from RangedConstructor (0 ms total)

[----------] 1 test from RangedAssign
[ RUN      ] RangedAssign.SimpleType
[       OK ] RangedAssign.SimpleType (0 ms)
[----------] 1 test from RangedAssign (0 ms total)

[----------] 5 tests from InitializerListConstructor
[ RUN      ] InitializerListConstructor.SimpleTypeWithInlineBacking
[       OK ] InitializerListConstructor.SimpleTypeWithInlineBacking (0 ms)
[ RUN      ] InitializerListConstructor.SimpleTypeWithReallocationRequired
[       OK ] InitializerListConstructor.SimpleTypeWithReallocationRequired (0 ms)
[ RUN      ] InitializerListConstructor.DisparateTypesInList
[       OK ] InitializerListConstructor.DisparateTypesInList (0 ms)
[ RUN      ] InitializerListConstructor.ComplexTypeWithInlineBacking
[       OK ] InitializerListConstructor.ComplexTypeWithInlineBacking (0 ms)
[ RUN      ] InitializerListConstructor.ComplexTypeWithReallocationRequired
[       OK ] InitializerListConstructor.ComplexTypeWithReallocationRequired (0 ms)
[----------] 5 tests from InitializerListConstructor (0 ms total)

[----------] 3 tests from InitializerListAssign
[ RUN      ] InitializerListAssign.SimpleTypeFitsInlineBacking
[       OK ] InitializerListAssign.SimpleTypeFitsInlineBacking (0 ms)
[ RUN      ] InitializerListAssign.SimpleTypeDoesNotFitInlineBacking
[       OK ] InitializerListAssign.SimpleTypeDoesNotFitInlineBacking (0 ms)
[ RUN      ] InitializerListAssign.DisparateTypesInList
[       OK ] InitializerListAssign.DisparateTypesInList (0 ms)
[----------] 3 tests from InitializerListAssign (0 ms total)

[----------] 10 tests from InstanceTestOnTypes/InstanceTest/0, where TypeParam = absl::test_internal::CopyableOnlyInstance
[ RUN      ] InstanceTestOnTypes/InstanceTest/0.Swap
[       OK ] InstanceTestOnTypes/InstanceTest/0.Swap (2 ms)
[ RUN      ] InstanceTestOnTypes/InstanceTest/0.CountConstructorsDestructors
[       OK ] InstanceTestOnTypes/InstanceTest/0.CountConstructorsDestructors (0 ms)
[ RUN      ] InstanceTestOnTypes/InstanceTest/0.CountConstructorsDestructorsOnCopyConstruction
[       OK ] InstanceTestOnTypes/InstanceTest/0.CountConstructorsDestructorsOnCopyConstruction (0 ms)
[ RUN      ] InstanceTestOnTypes/InstanceTest/0.CountConstructorsDestructorsOnMoveConstruction
[       OK ] InstanceTestOnTypes/InstanceTest/0.CountConstructorsDestructorsOnMoveConstruction (0 ms)
[ RUN      ] InstanceTestOnTypes/InstanceTest/0.CountConstructorsDestructorsOnAssignment
[       OK ] InstanceTestOnTypes/InstanceTest/0.CountConstructorsDestructorsOnAssignment (1 ms)
[ RUN      ] InstanceTestOnTypes/InstanceTest/0.CountConstructorsDestructorsOnMoveAssignment
[       OK ] InstanceTestOnTypes/InstanceTest/0.CountConstructorsDestructorsOnMoveAssignment (0 ms)
[ RUN      ] InstanceTestOnTypes/InstanceTest/0.CountElemAssignInlineBacking
[       OK ] InstanceTestOnTypes/InstanceTest/0.CountElemAssignInlineBacking (0 ms)
[ RUN      ] InstanceTestOnTypes/InstanceTest/0.RangedConstructor
[       OK ] InstanceTestOnTypes/InstanceTest/0.RangedConstructor (0 ms)
[ RUN      ] InstanceTestOnTypes/InstanceTest/0.RangedAssign
[       OK ] InstanceTestOnTypes/InstanceTest/0.RangedAssign (1 ms)
[ RUN      ] InstanceTestOnTypes/InstanceTest/0.InitializerListAssign
[       OK ] InstanceTestOnTypes/InstanceTest/0.InitializerListAssign (0 ms)
[----------] 10 tests from InstanceTestOnTypes/InstanceTest/0 (4 ms total)

[----------] 10 tests from InstanceTestOnTypes/InstanceTest/1, where TypeParam = absl::test_internal::CopyableMovableInstance
[ RUN      ] InstanceTestOnTypes/InstanceTest/1.Swap
[       OK ] InstanceTestOnTypes/InstanceTest/1.Swap (3 ms)
[ RUN      ] InstanceTestOnTypes/InstanceTest/1.CountConstructorsDestructors
[       OK ] InstanceTestOnTypes/InstanceTest/1.CountConstructorsDestructors (0 ms)
[ RUN      ] InstanceTestOnTypes/InstanceTest/1.CountConstructorsDestructorsOnCopyConstruction
[       OK ] InstanceTestOnTypes/InstanceTest/1.CountConstructorsDestructorsOnCopyConstruction (1 ms)
[ RUN      ] InstanceTestOnTypes/InstanceTest/1.CountConstructorsDestructorsOnMoveConstruction
[       OK ] InstanceTestOnTypes/InstanceTest/1.CountConstructorsDestructorsOnMoveConstruction (0 ms)
[ RUN      ] InstanceTestOnTypes/InstanceTest/1.CountConstructorsDestructorsOnAssignment
[       OK ] InstanceTestOnTypes/InstanceTest/1.CountConstructorsDestructorsOnAssignment (0 ms)
[ RUN      ] InstanceTestOnTypes/InstanceTest/1.CountConstructorsDestructorsOnMoveAssignment
[       OK ] InstanceTestOnTypes/InstanceTest/1.CountConstructorsDestructorsOnMoveAssignment (0 ms)
[ RUN      ] InstanceTestOnTypes/InstanceTest/1.CountElemAssignInlineBacking
[       OK ] InstanceTestOnTypes/InstanceTest/1.CountElemAssignInlineBacking (0 ms)
[ RUN      ] InstanceTestOnTypes/InstanceTest/1.RangedConstructor
[       OK ] InstanceTestOnTypes/InstanceTest/1.RangedConstructor (0 ms)
[ RUN      ] InstanceTestOnTypes/InstanceTest/1.RangedAssign
[       OK ] InstanceTestOnTypes/InstanceTest/1.RangedAssign (1 ms)
[ RUN      ] InstanceTestOnTypes/InstanceTest/1.InitializerListAssign
[       OK ] InstanceTestOnTypes/InstanceTest/1.InitializerListAssign (0 ms)
[----------] 10 tests from InstanceTestOnTypes/InstanceTest/1 (5 ms total)

[----------] 1 test from DynamicVec
[ RUN      ] DynamicVec.DynamicVecCompiles
[       OK ] DynamicVec.DynamicVecCompiles (0 ms)
[----------] 1 test from DynamicVec (0 ms total)

[----------] 6 tests from AllocatorSupportTest
[ RUN      ] AllocatorSupportTest.Constructors
[       OK ] AllocatorSupportTest.Constructors (0 ms)
[ RUN      ] AllocatorSupportTest.CountAllocations
[       OK ] AllocatorSupportTest.CountAllocations (0 ms)
[ RUN      ] AllocatorSupportTest.SwapBothAllocated
[       OK ] AllocatorSupportTest.SwapBothAllocated (0 ms)
[ RUN      ] AllocatorSupportTest.SwapOneAllocated
[       OK ] AllocatorSupportTest.SwapOneAllocated (0 ms)
[ RUN      ] AllocatorSupportTest.ScopedAllocatorWorks
[       OK ] AllocatorSupportTest.ScopedAllocatorWorks (0 ms)
[ RUN      ] AllocatorSupportTest.SizeAllocConstructor
[       OK ] AllocatorSupportTest.SizeAllocConstructor (0 ms)
[----------] 6 tests from AllocatorSupportTest (0 ms total)

[----------] Global test environment tear-down
[==========] 74 tests from 15 test suites ran. (70 ms total)
[  PASSED  ] 74 tests.
<end of output>
Test time =   0.11 sec
----------------------------------------------------------
Test Passed.
"absl_inlined_vector_test_noexceptions" end time: Feb 22 13:32 EST
"absl_inlined_vector_test_noexceptions" time elapsed: 00:00:00
----------------------------------------------------------

24/98 Testing: absl_test_instance_tracker_test
24/98 Test: absl_test_instance_tracker_test
Command: "/Users/cohenjon/cmake-ex/abseil-hello-fork/cmake-hello/build/abseil-cpp/absl/container/absl_test_instance_tracker_test"
Directory: /Users/cohenjon/cmake-ex/abseil-hello-fork/cmake-hello/build/abseil-cpp/absl/container
"absl_test_instance_tracker_test" start time: Feb 22 13:32 EST
Output:
----------------------------------------------------------
Running main() from gmock_main.cc
[==========] Running 5 tests from 1 test suite.
[----------] Global test environment set-up.
[----------] 5 tests from TestInstanceTracker
[ RUN      ] TestInstanceTracker.CopyableMovable
[       OK ] TestInstanceTracker.CopyableMovable (0 ms)
[ RUN      ] TestInstanceTracker.CopyableOnly
[       OK ] TestInstanceTracker.CopyableOnly (0 ms)
[ RUN      ] TestInstanceTracker.MovableOnly
[       OK ] TestInstanceTracker.MovableOnly (0 ms)
[ RUN      ] TestInstanceTracker.ExistingInstances
[       OK ] TestInstanceTracker.ExistingInstances (0 ms)
[ RUN      ] TestInstanceTracker.Comparisons
[       OK ] TestInstanceTracker.Comparisons (0 ms)
[----------] 5 tests from TestInstanceTracker (0 ms total)

[----------] Global test environment tear-down
[==========] 5 tests from 1 test suite ran. (0 ms total)
[  PASSED  ] 5 tests.
<end of output>
Test time =   0.02 sec
----------------------------------------------------------
Test Passed.
"absl_test_instance_tracker_test" end time: Feb 22 13:32 EST
"absl_test_instance_tracker_test" time elapsed: 00:00:00
----------------------------------------------------------

25/98 Testing: absl_flat_hash_map_test
25/98 Test: absl_flat_hash_map_test
Command: "/Users/cohenjon/cmake-ex/abseil-hello-fork/cmake-hello/build/abseil-cpp/absl/container/absl_flat_hash_map_test"
Directory: /Users/cohenjon/cmake-ex/abseil-hello-fork/cmake-hello/build/abseil-cpp/absl/container
"absl_flat_hash_map_test" start time: Feb 22 13:32 EST
Output:
----------------------------------------------------------
Running main() from gmock_main.cc
[==========] Running 269 tests from 19 test suites.
[----------] Global test environment set-up.
[----------] 25 tests from FlatHashMap/ConstructorTest/0, where TypeParam = absl::flat_hash_map<int, int, absl::container_internal::StatefulTestingHash, absl::container_internal::StatefulTestingEqual, absl::container_internal::Alloc<int> >
[ RUN      ] FlatHashMap/ConstructorTest/0.NoArgs
[       OK ] FlatHashMap/ConstructorTest/0.NoArgs (0 ms)
[ RUN      ] FlatHashMap/ConstructorTest/0.BucketCount
[       OK ] FlatHashMap/ConstructorTest/0.BucketCount (0 ms)
[ RUN      ] FlatHashMap/ConstructorTest/0.BucketCountHash
[       OK ] FlatHashMap/ConstructorTest/0.BucketCountHash (0 ms)
[ RUN      ] FlatHashMap/ConstructorTest/0.BucketCountHashEqual
[       OK ] FlatHashMap/ConstructorTest/0.BucketCountHashEqual (0 ms)
[ RUN      ] FlatHashMap/ConstructorTest/0.BucketCountHashEqualAlloc
[       OK ] FlatHashMap/ConstructorTest/0.BucketCountHashEqualAlloc (0 ms)
[ RUN      ] FlatHashMap/ConstructorTest/0.BucketCountAlloc
[       OK ] FlatHashMap/ConstructorTest/0.BucketCountAlloc (0 ms)
[ RUN      ] FlatHashMap/ConstructorTest/0.BucketCountHashAlloc
[       OK ] FlatHashMap/ConstructorTest/0.BucketCountHashAlloc (0 ms)
[ RUN      ] FlatHashMap/ConstructorTest/0.BucketAlloc
[       OK ] FlatHashMap/ConstructorTest/0.BucketAlloc (0 ms)
[ RUN      ] FlatHashMap/ConstructorTest/0.InputIteratorBucketHashEqualAlloc
[       OK ] FlatHashMap/ConstructorTest/0.InputIteratorBucketHashEqualAlloc (1 ms)
[ RUN      ] FlatHashMap/ConstructorTest/0.InputIteratorBucketAlloc
[       OK ] FlatHashMap/ConstructorTest/0.InputIteratorBucketAlloc (1 ms)
[ RUN      ] FlatHashMap/ConstructorTest/0.InputIteratorBucketHashAlloc
[       OK ] FlatHashMap/ConstructorTest/0.InputIteratorBucketHashAlloc (0 ms)
[ RUN      ] FlatHashMap/ConstructorTest/0.CopyConstructor
[       OK ] FlatHashMap/ConstructorTest/0.CopyConstructor (0 ms)
[ RUN      ] FlatHashMap/ConstructorTest/0.CopyConstructorAlloc
[       OK ] FlatHashMap/ConstructorTest/0.CopyConstructorAlloc (0 ms)
[ RUN      ] FlatHashMap/ConstructorTest/0.MoveConstructor
[       OK ] FlatHashMap/ConstructorTest/0.MoveConstructor (0 ms)
[ RUN      ] FlatHashMap/ConstructorTest/0.MoveConstructorAlloc
[       OK ] FlatHashMap/ConstructorTest/0.MoveConstructorAlloc (0 ms)
[ RUN      ] FlatHashMap/ConstructorTest/0.InitializerListBucketHashEqualAlloc
[       OK ] FlatHashMap/ConstructorTest/0.InitializerListBucketHashEqualAlloc (0 ms)
[ RUN      ] FlatHashMap/ConstructorTest/0.InitializerListBucketAlloc
[       OK ] FlatHashMap/ConstructorTest/0.InitializerListBucketAlloc (0 ms)
[ RUN      ] FlatHashMap/ConstructorTest/0.InitializerListBucketHashAlloc
[       OK ] FlatHashMap/ConstructorTest/0.InitializerListBucketHashAlloc (1 ms)
[ RUN      ] FlatHashMap/ConstructorTest/0.Assignment
[       OK ] FlatHashMap/ConstructorTest/0.Assignment (0 ms)
[ RUN      ] FlatHashMap/ConstructorTest/0.MoveAssignment
[       OK ] FlatHashMap/ConstructorTest/0.MoveAssignment (0 ms)
[ RUN      ] FlatHashMap/ConstructorTest/0.AssignmentFromInitializerList
[       OK ] FlatHashMap/ConstructorTest/0.AssignmentFromInitializerList (0 ms)
[ RUN      ] FlatHashMap/ConstructorTest/0.AssignmentOverwritesExisting
[       OK ] FlatHashMap/ConstructorTest/0.AssignmentOverwritesExisting (0 ms)
[ RUN      ] FlatHashMap/ConstructorTest/0.MoveAssignmentOverwritesExisting
[       OK ] FlatHashMap/ConstructorTest/0.MoveAssignmentOverwritesExisting (0 ms)
[ RUN      ] FlatHashMap/ConstructorTest/0.AssignmentFromInitializerListOverwritesExisting
[       OK ] FlatHashMap/ConstructorTest/0.AssignmentFromInitializerListOverwritesExisting (0 ms)
[ RUN      ] FlatHashMap/ConstructorTest/0.AssignmentOnSelf
[       OK ] FlatHashMap/ConstructorTest/0.AssignmentOnSelf (0 ms)
[----------] 25 tests from FlatHashMap/ConstructorTest/0 (4 ms total)

[----------] 25 tests from FlatHashMap/ConstructorTest/1, where TypeParam = absl::flat_hash_map<std::__1::basic_string<char, std::__1::char_traits<char>, std::__1::allocator<char> >, int, absl::container_internal::StatefulTestingHash, absl::container_internal::StatefulTestingEqual, absl::container_internal::Alloc<int> >
[ RUN      ] FlatHashMap/ConstructorTest/1.NoArgs
[       OK ] FlatHashMap/ConstructorTest/1.NoArgs (0 ms)
[ RUN      ] FlatHashMap/ConstructorTest/1.BucketCount
[       OK ] FlatHashMap/ConstructorTest/1.BucketCount (0 ms)
[ RUN      ] FlatHashMap/ConstructorTest/1.BucketCountHash
[       OK ] FlatHashMap/ConstructorTest/1.BucketCountHash (0 ms)
[ RUN      ] FlatHashMap/ConstructorTest/1.BucketCountHashEqual
[       OK ] FlatHashMap/ConstructorTest/1.BucketCountHashEqual (0 ms)
[ RUN      ] FlatHashMap/ConstructorTest/1.BucketCountHashEqualAlloc
[       OK ] FlatHashMap/ConstructorTest/1.BucketCountHashEqualAlloc (0 ms)
[ RUN      ] FlatHashMap/ConstructorTest/1.BucketCountAlloc
[       OK ] FlatHashMap/ConstructorTest/1.BucketCountAlloc (0 ms)
[ RUN      ] FlatHashMap/ConstructorTest/1.BucketCountHashAlloc
[       OK ] FlatHashMap/ConstructorTest/1.BucketCountHashAlloc (0 ms)
[ RUN      ] FlatHashMap/ConstructorTest/1.BucketAlloc
[       OK ] FlatHashMap/ConstructorTest/1.BucketAlloc (0 ms)
[ RUN      ] FlatHashMap/ConstructorTest/1.InputIteratorBucketHashEqualAlloc
[       OK ] FlatHashMap/ConstructorTest/1.InputIteratorBucketHashEqualAlloc (3 ms)
[ RUN      ] FlatHashMap/ConstructorTest/1.InputIteratorBucketAlloc
[       OK ] FlatHashMap/ConstructorTest/1.InputIteratorBucketAlloc (3 ms)
[ RUN      ] FlatHashMap/ConstructorTest/1.InputIteratorBucketHashAlloc
[       OK ] FlatHashMap/ConstructorTest/1.InputIteratorBucketHashAlloc (3 ms)
[ RUN      ] FlatHashMap/ConstructorTest/1.CopyConstructor
[       OK ] FlatHashMap/ConstructorTest/1.CopyConstructor (3 ms)
[ RUN      ] FlatHashMap/ConstructorTest/1.CopyConstructorAlloc
[       OK ] FlatHashMap/ConstructorTest/1.CopyConstructorAlloc (0 ms)
[ RUN      ] FlatHashMap/ConstructorTest/1.MoveConstructor
[       OK ] FlatHashMap/ConstructorTest/1.MoveConstructor (2 ms)
[ RUN      ] FlatHashMap/ConstructorTest/1.MoveConstructorAlloc
[       OK ] FlatHashMap/ConstructorTest/1.MoveConstructorAlloc (0 ms)
[ RUN      ] FlatHashMap/ConstructorTest/1.InitializerListBucketHashEqualAlloc
[       OK ] FlatHashMap/ConstructorTest/1.InitializerListBucketHashEqualAlloc (2 ms)
[ RUN      ] FlatHashMap/ConstructorTest/1.InitializerListBucketAlloc
[       OK ] FlatHashMap/ConstructorTest/1.InitializerListBucketAlloc (1 ms)
[ RUN      ] FlatHashMap/ConstructorTest/1.InitializerListBucketHashAlloc
[       OK ] FlatHashMap/ConstructorTest/1.InitializerListBucketHashAlloc (1 ms)
[ RUN      ] FlatHashMap/ConstructorTest/1.Assignment
[       OK ] FlatHashMap/ConstructorTest/1.Assignment (1 ms)
[ RUN      ] FlatHashMap/ConstructorTest/1.MoveAssignment
[       OK ] FlatHashMap/ConstructorTest/1.MoveAssignment (1 ms)
[ RUN      ] FlatHashMap/ConstructorTest/1.AssignmentFromInitializerList
[       OK ] FlatHashMap/ConstructorTest/1.AssignmentFromInitializerList (1 ms)
[ RUN      ] FlatHashMap/ConstructorTest/1.AssignmentOverwritesExisting
[       OK ] FlatHashMap/ConstructorTest/1.AssignmentOverwritesExisting (1 ms)
[ RUN      ] FlatHashMap/ConstructorTest/1.MoveAssignmentOverwritesExisting
[       OK ] FlatHashMap/ConstructorTest/1.MoveAssignmentOverwritesExisting (1 ms)
[...]
[mutex_test.cc : 1415] RAW: Attempt 1
[       OK ] All/TimeoutTest.LockWhen/11 (1 ms)
[ RUN      ] All/TimeoutTest.LockWhen/12
[mutex_test.cc : 1409] RAW: Params: from: /Users/cohenjon/cmake-ex/abseil-hello-fork/cmake-hello/abseil-cpp/absl/synchronization/mutex_test.cc:1311 use_absolute_deadline: true wait_timeout: inf satisfy_condition_delay: 0 expected_result: true expected_delay: 0
[mutex_test.cc : 1415] RAW: Attempt 1
[       OK ] All/TimeoutTest.LockWhen/12 (0 ms)
[ RUN      ] All/TimeoutTest.LockWhen/13
[mutex_test.cc : 1409] RAW: Params: from: /Users/cohenjon/cmake-ex/abseil-hello-fork/cmake-hello/abseil-cpp/absl/synchronization/mutex_test.cc:1320 use_absolute_deadline: true wait_timeout: inf satisfy_condition_delay: 450ms expected_result: true expected_delay: 450ms
[mutex_test.cc : 1415] RAW: Attempt 1
[       OK ] All/TimeoutTest.LockWhen/13 (457 ms)
[ RUN      ] All/TimeoutTest.LockWhen/14
[mutex_test.cc : 1409] RAW: Params: from: /Users/cohenjon/cmake-ex/abseil-hello-fork/cmake-hello/abseil-cpp/absl/synchronization/mutex_test.cc:1332 use_absolute_deadline: true wait_timeout: inf satisfy_condition_delay: 0 expected_result: true expected_delay: 0
[mutex_test.cc : 1415] RAW: Attempt 1
[       OK ] All/TimeoutTest.LockWhen/14 (0 ms)
[ RUN      ] All/TimeoutTest.LockWhen/15
[mutex_test.cc : 1409] RAW: Params: from: /Users/cohenjon/cmake-ex/abseil-hello-fork/cmake-hello/abseil-cpp/absl/synchronization/mutex_test.cc:1341 use_absolute_deadline: true wait_timeout: 900ms satisfy_condition_delay: 450ms expected_result: true expected_delay: 450ms
[mutex_test.cc : 1415] RAW: Attempt 1
[       OK ] All/TimeoutTest.LockWhen/15 (457 ms)
[ RUN      ] All/TimeoutTest.LockWhen/16
[mutex_test.cc : 1409] RAW: Params: from: /Users/cohenjon/cmake-ex/abseil-hello-fork/cmake-hello/abseil-cpp/absl/synchronization/mutex_test.cc:1350 use_absolute_deadline: true wait_timeout: 450ms satisfy_condition_delay: 900ms expected_result: false expected_delay: 450ms
[mutex_test.cc : 1415] RAW: Attempt 1
[       OK ] All/TimeoutTest.LockWhen/16 (901 ms)
[ RUN      ] All/TimeoutTest.LockWhen/17
[mutex_test.cc : 1409] RAW: Params: from: /Users/cohenjon/cmake-ex/abseil-hello-fork/cmake-hello/abseil-cpp/absl/synchronization/mutex_test.cc:1359 use_absolute_deadline: true wait_timeout: 450ms satisfy_condition_delay: inf expected_result: false expected_delay: 450ms
[mutex_test.cc : 1415] RAW: Attempt 1
[       OK ] All/TimeoutTest.LockWhen/17 (451 ms)
[ RUN      ] All/TimeoutTest.ReaderLockWhen/0
[mutex_test.cc : 1444] RAW: Params: from: /Users/cohenjon/cmake-ex/abseil-hello-fork/cmake-hello/abseil-cpp/absl/synchronization/mutex_test.cc:1281 use_absolute_deadline: false wait_timeout: -inf satisfy_condition_delay: 0 expected_result: true expected_delay: 0
[mutex_test.cc : 1450] RAW: Attempt 0
[       OK ] All/TimeoutTest.ReaderLockWhen/0 (1 ms)
[ RUN      ] All/TimeoutTest.ReaderLockWhen/1
[mutex_test.cc : 1444] RAW: Params: from: /Users/cohenjon/cmake-ex/abseil-hello-fork/cmake-hello/abseil-cpp/absl/synchronization/mutex_test.cc:1290 use_absolute_deadline: false wait_timeout: -inf satisfy_condition_delay: 450ms expected_result: false expected_delay: 0
[mutex_test.cc : 1450] RAW: Attempt 0
[       OK ] All/TimeoutTest.ReaderLockWhen/1 (455 ms)
[ RUN      ] All/TimeoutTest.ReaderLockWhen/2
[mutex_test.cc : 1444] RAW: Params: from: /Users/cohenjon/cmake-ex/abseil-hello-fork/cmake-hello/abseil-cpp/absl/synchronization/mutex_test.cc:1299 use_absolute_deadline: false wait_timeout: -inf satisfy_condition_delay: inf expected_result: false expected_delay: 0
[mutex_test.cc : 1450] RAW: Attempt 0
[       OK ] All/TimeoutTest.ReaderLockWhen/2 (1 ms)
[ RUN      ] All/TimeoutTest.ReaderLockWhen/3
[mutex_test.cc : 1444] RAW: Params: from: /Users/cohenjon/cmake-ex/abseil-hello-fork/cmake-hello/abseil-cpp/absl/synchronization/mutex_test.cc:1311 use_absolute_deadline: false wait_timeout: inf satisfy_condition_delay: 0 expected_result: true expected_delay: 0
[mutex_test.cc : 1450] RAW: Attempt 0
[       OK ] All/TimeoutTest.ReaderLockWhen/3 (1 ms)
[ RUN      ] All/TimeoutTest.ReaderLockWhen/4
[mutex_test.cc : 1444] RAW: Params: from: /Users/cohenjon/cmake-ex/abseil-hello-fork/cmake-hello/abseil-cpp/absl/synchronization/mutex_test.cc:1320 use_absolute_deadline: false wait_timeout: inf satisfy_condition_delay: 450ms expected_result: true expected_delay: 450ms
[mutex_test.cc : 1450] RAW: Attempt 0
[       OK ] All/TimeoutTest.ReaderLockWhen/4 (454 ms)
[ RUN      ] All/TimeoutTest.ReaderLockWhen/5
[mutex_test.cc : 1444] RAW: Params: from: /Users/cohenjon/cmake-ex/abseil-hello-fork/cmake-hello/abseil-cpp/absl/synchronization/mutex_test.cc:1332 use_absolute_deadline: false wait_timeout: inf satisfy_condition_delay: 0 expected_result: true expected_delay: 0
[mutex_test.cc : 1450] RAW: Attempt 0
[       OK ] All/TimeoutTest.ReaderLockWhen/5 (0 ms)
[ RUN      ] All/TimeoutTest.ReaderLockWhen/6
[mutex_test.cc : 1444] RAW: Params: from: /Users/cohenjon/cmake-ex/abseil-hello-fork/cmake-hello/abseil-cpp/absl/synchronization/mutex_test.cc:1341 use_absolute_deadline: false wait_timeout: 900ms satisfy_condition_delay: 450ms expected_result: true expected_delay: 450ms
[mutex_test.cc : 1450] RAW: Attempt 0
[       OK ] All/TimeoutTest.ReaderLockWhen/6 (455 ms)
[ RUN      ] All/TimeoutTest.ReaderLockWhen/7
[mutex_test.cc : 1444] RAW: Params: from: /Users/cohenjon/cmake-ex/abseil-hello-fork/cmake-hello/abseil-cpp/absl/synchronization/mutex_test.cc:1350 use_absolute_deadline: false wait_timeout: 450ms satisfy_condition_delay: 900ms expected_result: false expected_delay: 450ms
[mutex_test.cc : 1450] RAW: Attempt 0
[       OK ] All/TimeoutTest.ReaderLockWhen/7 (901 ms)
[ RUN      ] All/TimeoutTest.ReaderLockWhen/8
[mutex_test.cc : 1444] RAW: Params: from: /Users/cohenjon/cmake-ex/abseil-hello-fork/cmake-hello/abseil-cpp/absl/synchronization/mutex_test.cc:1359 use_absolute_deadline: false wait_timeout: 450ms satisfy_condition_delay: inf expected_result: false expected_delay: 450ms
[mutex_test.cc : 1450] RAW: Attempt 0
[       OK ] All/TimeoutTest.ReaderLockWhen/8 (456 ms)
[ RUN      ] All/TimeoutTest.ReaderLockWhen/9
[mutex_test.cc : 1444] RAW: Params: from: /Users/cohenjon/cmake-ex/abseil-hello-fork/cmake-hello/abseil-cpp/absl/synchronization/mutex_test.cc:1281 use_absolute_deadline: true wait_timeout: -inf satisfy_condition_delay: 0 expected_result: true expected_delay: 0
[mutex_test.cc : 1450] RAW: Attempt 0
[       OK ] All/TimeoutTest.ReaderLockWhen/9 (0 ms)
[ RUN      ] All/TimeoutTest.ReaderLockWhen/10
[mutex_test.cc : 1444] RAW: Params: from: /Users/cohenjon/cmake-ex/abseil-hello-fork/cmake-hello/abseil-cpp/absl/synchronization/mutex_test.cc:1290 use_absolute_deadline: true wait_timeout: -inf satisfy_condition_delay: 450ms expected_result: false expected_delay: 0
[mutex_test.cc : 1450] RAW: Attempt 0
[       OK ] All/TimeoutTest.ReaderLockWhen/10 (456 ms)
[ RUN      ] All/TimeoutTest.ReaderLockWhen/11
[mutex_test.cc : 1444] RAW: Params: from: /Users/cohenjon/cmake-ex/abseil-hello-fork/cmake-hello/abseil-cpp/absl/synchronization/mutex_test.cc:1299 use_absolute_deadline: true wait_timeout: -inf satisfy_condition_delay: inf expected_result: false expected_delay: 0
[mutex_test.cc : 1450] RAW: Attempt 0
[       OK ] All/TimeoutTest.ReaderLockWhen/11 (1 ms)
[ RUN      ] All/TimeoutTest.ReaderLockWhen/12
[mutex_test.cc : 1444] RAW: Params: from: /Users/cohenjon/cmake-ex/abseil-hello-fork/cmake-hello/abseil-cpp/absl/synchronization/mutex_test.cc:1311 use_absolute_deadline: true wait_timeout: inf satisfy_condition_delay: 0 expected_result: true expected_delay: 0
[mutex_test.cc : 1450] RAW: Attempt 0
[       OK ] All/TimeoutTest.ReaderLockWhen/12 (0 ms)
[ RUN      ] All/TimeoutTest.ReaderLockWhen/13
[mutex_test.cc : 1444] RAW: Params: from: /Users/cohenjon/cmake-ex/abseil-hello-fork/cmake-hello/abseil-cpp/absl/synchronization/mutex_test.cc:1320 use_absolute_deadline: true wait_timeout: inf satisfy_condition_delay: 450ms expected_result: true expected_delay: 450ms
[mutex_test.cc : 1450] RAW: Attempt 0
[       OK ] All/TimeoutTest.ReaderLockWhen/13 (454 ms)
[ RUN      ] All/TimeoutTest.ReaderLockWhen/14
[mutex_test.cc : 1444] RAW: Params: from: /Users/cohenjon/cmake-ex/abseil-hello-fork/cmake-hello/abseil-cpp/absl/synchronization/mutex_test.cc:1332 use_absolute_deadline: true wait_timeout: inf satisfy_condition_delay: 0 expected_result: true expected_delay: 0
[mutex_test.cc : 1450] RAW: Attempt 0
[       OK ] All/TimeoutTest.ReaderLockWhen/14 (1 ms)
[ RUN      ] All/TimeoutTest.ReaderLockWhen/15
[mutex_test.cc : 1444] RAW: Params: from: /Users/cohenjon/cmake-ex/abseil-hello-fork/cmake-hello/abseil-cpp/absl/synchronization/mutex_test.cc:1341 use_absolute_deadline: true wait_timeout: 900ms satisfy_condition_delay: 450ms expected_result: true expected_delay: 450ms
[mutex_test.cc : 1450] RAW: Attempt 0
[       OK ] All/TimeoutTest.ReaderLockWhen/15 (451 ms)
[ RUN      ] All/TimeoutTest.ReaderLockWhen/16
[mutex_test.cc : 1444] RAW: Params: from: /Users/cohenjon/cmake-ex/abseil-hello-fork/cmake-hello/abseil-cpp/absl/synchronization/mutex_test.cc:1350 use_absolute_deadline: true wait_timeout: 450ms satisfy_condition_delay: 900ms expected_result: false expected_delay: 450ms
[mutex_test.cc : 1450] RAW: Attempt 0
[       OK ] All/TimeoutTest.ReaderLockWhen/16 (901 ms)
[ RUN      ] All/TimeoutTest.ReaderLockWhen/17
[mutex_test.cc : 1444] RAW: Params: from: /Users/cohenjon/cmake-ex/abseil-hello-fork/cmake-hello/abseil-cpp/absl/synchronization/mutex_test.cc:1359 use_absolute_deadline: true wait_timeout: 450ms satisfy_condition_delay: inf expected_result: false expected_delay: 450ms
[mutex_test.cc : 1450] RAW: Attempt 0
[       OK ] All/TimeoutTest.ReaderLockWhen/17 (454 ms)
[ RUN      ] All/TimeoutTest.Wait/0
[mutex_test.cc : 1480] RAW: Params: from: /Users/cohenjon/cmake-ex/abseil-hello-fork/cmake-hello/abseil-cpp/absl/synchronization/mutex_test.cc:1281 use_absolute_deadline: false wait_timeout: -inf satisfy_condition_delay: 0 expected_result: true expected_delay: 0
[mutex_test.cc : 1486] RAW: Attempt 0
[       OK ] All/TimeoutTest.Wait/0 (1 ms)
[ RUN      ] All/TimeoutTest.Wait/1
[mutex_test.cc : 1480] RAW: Params: from: /Users/cohenjon/cmake-ex/abseil-hello-fork/cmake-hello/abseil-cpp/absl/synchronization/mutex_test.cc:1290 use_absolute_deadline: false wait_timeout: -inf satisfy_condition_delay: 450ms expected_result: false expected_delay: 0
[mutex_test.cc : 1486] RAW: Attempt 0
[       OK ] All/TimeoutTest.Wait/1 (456 ms)
[ RUN      ] All/TimeoutTest.Wait/2
[mutex_test.cc : 1480] RAW: Params: from: /Users/cohenjon/cmake-ex/abseil-hello-fork/cmake-hello/abseil-cpp/absl/synchronization/mutex_test.cc:1299 use_absolute_deadline: false wait_timeout: -inf satisfy_condition_delay: inf expected_result: false expected_delay: 0
[mutex_test.cc : 1486] RAW: Attempt 0
[       OK ] All/TimeoutTest.Wait/2 (0 ms)
[ RUN      ] All/TimeoutTest.Wait/3
[mutex_test.cc : 1480] RAW: Params: from: /Users/cohenjon/cmake-ex/abseil-hello-fork/cmake-hello/abseil-cpp/absl/synchronization/mutex_test.cc:1311 use_absolute_deadline: false wait_timeout: inf satisfy_condition_delay: 0 expected_result: true expected_delay: 0
[mutex_test.cc : 1486] RAW: Attempt 0
[       OK ] All/TimeoutTest.Wait/3 (1 ms)
[ RUN      ] All/TimeoutTest.Wait/4
[mutex_test.cc : 1480] RAW: Params: from: /Users/cohenjon/cmake-ex/abseil-hello-fork/cmake-hello/abseil-cpp/absl/synchronization/mutex_test.cc:1320 use_absolute_deadline: false wait_timeout: inf satisfy_condition_delay: 450ms expected_result: true expected_delay: 450ms
[mutex_test.cc : 1486] RAW: Attempt 0
[       OK ] All/TimeoutTest.Wait/4 (451 ms)
[ RUN      ] All/TimeoutTest.Wait/5
[mutex_test.cc : 1480] RAW: Params: from: /Users/cohenjon/cmake-ex/abseil-hello-fork/cmake-hello/abseil-cpp/absl/synchronization/mutex_test.cc:1332 use_absolute_deadline: false wait_timeout: inf satisfy_condition_delay: 0 expected_result: true expected_delay: 0
[mutex_test.cc : 1486] RAW: Attempt 0
[       OK ] All/TimeoutTest.Wait/5 (1 ms)
[ RUN      ] All/TimeoutTest.Wait/6
[mutex_test.cc : 1480] RAW: Params: from: /Users/cohenjon/cmake-ex/abseil-hello-fork/cmake-hello/abseil-cpp/absl/synchronization/mutex_test.cc:1341 use_absolute_deadline: false wait_timeout: 900ms satisfy_condition_delay: 450ms expected_result: true expected_delay: 450ms
[mutex_test.cc : 1486] RAW: Attempt 0
[       OK ] All/TimeoutTest.Wait/6 (453 ms)
[ RUN      ] All/TimeoutTest.Wait/7
[mutex_test.cc : 1480] RAW: Params: from: /Users/cohenjon/cmake-ex/abseil-hello-fork/cmake-hello/abseil-cpp/absl/synchronization/mutex_test.cc:1350 use_absolute_deadline: false wait_timeout: 450ms satisfy_condition_delay: 900ms expected_result: false expected_delay: 450ms
[mutex_test.cc : 1486] RAW: Attempt 0
[       OK ] All/TimeoutTest.Wait/7 (902 ms)
[ RUN      ] All/TimeoutTest.Wait/8
[mutex_test.cc : 1480] RAW: Params: from: /Users/cohenjon/cmake-ex/abseil-hello-fork/cmake-hello/abseil-cpp/absl/synchronization/mutex_test.cc:1359 use_absolute_deadline: false wait_timeout: 450ms satisfy_condition_delay: inf expected_result: false expected_delay: 450ms
[mutex_test.cc : 1486] RAW: Attempt 0
[       OK ] All/TimeoutTest.Wait/8 (454 ms)
[ RUN      ] All/TimeoutTest.Wait/9
[mutex_test.cc : 1480] RAW: Params: from: /Users/cohenjon/cmake-ex/abseil-hello-fork/cmake-hello/abseil-cpp/absl/synchronization/mutex_test.cc:1281 use_absolute_deadline: true wait_timeout: -inf satisfy_condition_delay: 0 expected_result: true expected_delay: 0
[mutex_test.cc : 1486] RAW: Attempt 0
[       OK ] All/TimeoutTest.Wait/9 (1 ms)
[ RUN      ] All/TimeoutTest.Wait/10
[mutex_test.cc : 1480] RAW: Params: from: /Users/cohenjon/cmake-ex/abseil-hello-fork/cmake-hello/abseil-cpp/absl/synchronization/mutex_test.cc:1290 use_absolute_deadline: true wait_timeout: -inf satisfy_condition_delay: 450ms expected_result: false expected_delay: 0
[mutex_test.cc : 1486] RAW: Attempt 0
[       OK ] All/TimeoutTest.Wait/10 (452 ms)
[ RUN      ] All/TimeoutTest.Wait/11
[mutex_test.cc : 1480] RAW: Params: from: /Users/cohenjon/cmake-ex/abseil-hello-fork/cmake-hello/abseil-cpp/absl/synchronization/mutex_test.cc:1299 use_absolute_deadline: true wait_timeout: -inf satisfy_condition_delay: inf expected_result: false expected_delay: 0
[mutex_test.cc : 1486] RAW: Attempt 0
[       OK ] All/TimeoutTest.Wait/11 (1 ms)
[ RUN      ] All/TimeoutTest.Wait/12
[mutex_test.cc : 1480] RAW: Params: from: /Users/cohenjon/cmake-ex/abseil-hello-fork/cmake-hello/abseil-cpp/absl/synchronization/mutex_test.cc:1311 use_absolute_deadline: true wait_timeout: inf satisfy_condition_delay: 0 expected_result: true expected_delay: 0
[mutex_test.cc : 1486] RAW: Attempt 0
[       OK ] All/TimeoutTest.Wait/12 (1 ms)
[ RUN      ] All/TimeoutTest.Wait/13
[mutex_test.cc : 1480] RAW: Params: from: /Users/cohenjon/cmake-ex/abseil-hello-fork/cmake-hello/abseil-cpp/absl/synchronization/mutex_test.cc:1320 use_absolute_deadline: true wait_timeout: inf satisfy_condition_delay: 450ms expected_result: true expected_delay: 450ms
[mutex_test.cc : 1486] RAW: Attempt 0
[       OK ] All/TimeoutTest.Wait/13 (452 ms)
[ RUN      ] All/TimeoutTest.Wait/14
[mutex_test.cc : 1480] RAW: Params: from: /Users/cohenjon/cmake-ex/abseil-hello-fork/cmake-hello/abseil-cpp/absl/synchronization/mutex_test.cc:1332 use_absolute_deadline: true wait_timeout: inf satisfy_condition_delay: 0 expected_result: true expected_delay: 0
[mutex_test.cc : 1486] RAW: Attempt 0
[       OK ] All/TimeoutTest.Wait/14 (1 ms)
[ RUN      ] All/TimeoutTest.Wait/15
[mutex_test.cc : 1480] RAW: Params: from: /Users/cohenjon/cmake-ex/abseil-hello-fork/cmake-hello/abseil-cpp/absl/synchronization/mutex_test.cc:1341 use_absolute_deadline: true wait_timeout: 900ms satisfy_condition_delay: 450ms expected_result: true expected_delay: 450ms
[mutex_test.cc : 1486] RAW: Attempt 0
[       OK ] All/TimeoutTest.Wait/15 (451 ms)
[ RUN      ] All/TimeoutTest.Wait/16
[mutex_test.cc : 1480] RAW: Params: from: /Users/cohenjon/cmake-ex/abseil-hello-fork/cmake-hello/abseil-cpp/absl/synchronization/mutex_test.cc:1350 use_absolute_deadline: true wait_timeout: 450ms satisfy_condition_delay: 900ms expected_result: false expected_delay: 450ms
[mutex_test.cc : 1486] RAW: Attempt 0
[       OK ] All/TimeoutTest.Wait/16 (905 ms)
[ RUN      ] All/TimeoutTest.Wait/17
[mutex_test.cc : 1480] RAW: Params: from: /Users/cohenjon/cmake-ex/abseil-hello-fork/cmake-hello/abseil-cpp/absl/synchronization/mutex_test.cc:1359 use_absolute_deadline: true wait_timeout: 450ms satisfy_condition_delay: inf expected_result: false expected_delay: 450ms
[mutex_test.cc : 1486] RAW: Attempt 0
[       OK ] All/TimeoutTest.Wait/17 (452 ms)
[----------] 72 tests from All/TimeoutTest (21767 ms total)

[----------] 18 tests from ThreadCounts/MutexVariableThreadCountTest
[ RUN      ] ThreadCounts/MutexVariableThreadCountTest.Mutex/2
[       OK ] ThreadCounts/MutexVariableThreadCountTest.Mutex/2 (2679 ms)
[ RUN      ] ThreadCounts/MutexVariableThreadCountTest.Mutex/4
[       OK ] ThreadCounts/MutexVariableThreadCountTest.Mutex/4 (3372 ms)
[ RUN      ] ThreadCounts/MutexVariableThreadCountTest.Mutex/10
[       OK ] ThreadCounts/MutexVariableThreadCountTest.Mutex/10 (4041 ms)
[ RUN      ] ThreadCounts/MutexVariableThreadCountTest.Try/2
[       OK ] ThreadCounts/MutexVariableThreadCountTest.Try/2 (760 ms)
[ RUN      ] ThreadCounts/MutexVariableThreadCountTest.Try/4
[       OK ] ThreadCounts/MutexVariableThreadCountTest.Try/4 (618 ms)
[ RUN      ] ThreadCounts/MutexVariableThreadCountTest.Try/10
[       OK ] ThreadCounts/MutexVariableThreadCountTest.Try/10 (1124 ms)
[ RUN      ] ThreadCounts/MutexVariableThreadCountTest.R20ms/2
[       OK ] ThreadCounts/MutexVariableThreadCountTest.R20ms/2 (2279 ms)
[ RUN      ] ThreadCounts/MutexVariableThreadCountTest.R20ms/4
[       OK ] ThreadCounts/MutexVariableThreadCountTest.R20ms/4 (2344 ms)
[ RUN      ] ThreadCounts/MutexVariableThreadCountTest.R20ms/10
[       OK ] ThreadCounts/MutexVariableThreadCountTest.R20ms/10 (2329 ms)
[ RUN      ] ThreadCounts/MutexVariableThreadCountTest.RW/2
[       OK ] ThreadCounts/MutexVariableThreadCountTest.RW/2 (11311 ms)
[ RUN      ] ThreadCounts/MutexVariableThreadCountTest.RW/4
[       OK ] ThreadCounts/MutexVariableThreadCountTest.RW/4 (9251 ms)
[ RUN      ] ThreadCounts/MutexVariableThreadCountTest.RW/10
[       OK ] ThreadCounts/MutexVariableThreadCountTest.RW/10 (16070 ms)
[ RUN      ] ThreadCounts/MutexVariableThreadCountTest.Await/2
[       OK ] ThreadCounts/MutexVariableThreadCountTest.Await/2 (2245 ms)
[ RUN      ] ThreadCounts/MutexVariableThreadCountTest.Await/4
[       OK ] ThreadCounts/MutexVariableThreadCountTest.Await/4 (2392 ms)
[ RUN      ] ThreadCounts/MutexVariableThreadCountTest.Await/10
[       OK ] ThreadCounts/MutexVariableThreadCountTest.Await/10 (2408 ms)
[ RUN      ] ThreadCounts/MutexVariableThreadCountTest.SignalAll/2
[       OK ] ThreadCounts/MutexVariableThreadCountTest.SignalAll/2 (454 ms)
[ RUN      ] ThreadCounts/MutexVariableThreadCountTest.SignalAll/4
[       OK ] ThreadCounts/MutexVariableThreadCountTest.SignalAll/4 (602 ms)
[ RUN      ] ThreadCounts/MutexVariableThreadCountTest.SignalAll/10
[       OK ] ThreadCounts/MutexVariableThreadCountTest.SignalAll/10 (585 ms)
[----------] 18 tests from ThreadCounts/MutexVariableThreadCountTest (64865 ms total)

[----------] Global test environment tear-down
[==========] 117 tests from 4 test suites ran. (113410 ms total)
[  PASSED  ] 117 tests.
<end of output>
Test time = 113.45 sec
----------------------------------------------------------
Test Passed.
"absl_mutex_test" end time: Feb 22 13:35 EST
"absl_mutex_test" time elapsed: 00:01:53
----------------------------------------------------------

End testing: Feb 22 13:35 EST
